[15июл.2026 00:01:02.964] [Server thread/INFO] [dev.ryanhcode.sable.Sable/]: Saving sub-levels for level 'ServerLevel[Новый мир]'/minecraft:overworld
[15июл.2026 00:01:02.998] [Server thread/INFO] [dev.ryanhcode.sable.Sable/]: Saving sub-levels for level 'ServerLevel[Новый мир]'/minecraft:the_end
[15июл.2026 00:01:02.998] [Server thread/INFO] [dev.ryanhcode.sable.Sable/]: Saving sub-levels for level 'ServerLevel[Новый мир]'/minecraft:the_nether
[15июл.2026 00:01:03.044] [Server thread/INFO] [Chunk Activity Tracker/]: Saving data for 16 chunks for dimension 'overworld' took 2 milliseconds
[15июл.2026 00:06:02.977] [Server thread/INFO] [dev.ryanhcode.sable.Sable/]: Saving sub-levels for level 'ServerLevel[Новый мир]'/minecraft:overworld
[15июл.2026 00:06:02.990] [Server thread/INFO] [dev.ryanhcode.sable.Sable/]: Saving sub-levels for level 'ServerLevel[Новый мир]'/minecraft:the_end
[15июл.2026 00:06:02.991] [Server thread/INFO] [dev.ryanhcode.sable.Sable/]: Saving sub-levels for level 'ServerLevel[Новый мир]'/minecraft:the_nether
[15июл.2026 00:06:03.035] [Server thread/INFO] [Chunk Activity Tracker/]: Saving data for 16 chunks for dimension 'overworld' took 1 milliseconds
[15июл.2026 00:06:04.472] [Server thread/INFO] [AllTheLeaks/]: Listing events...
[15июл.2026 00:06:04.472] [Server thread/INFO] [AllTheLeaks/]: Server Player Logout: 6
[15июл.2026 00:06:04.472] [Server thread/INFO] [AllTheLeaks/]: Listing memory leaks so far...
[15июл.2026 00:06:04.472] [Server thread/INFO] [AllTheLeaks/]: B: 3082MB / C: 3082MB / Diff: +0MB
[15июл.2026 00:06:04.472] [Server thread/INFO] [AllTheLeaks/]: Memory Leaks detected: (/atl force_refresh to update)
[15июл.2026 00:06:04.472] [Server thread/INFO] [AllTheLeaks/]: | Player:
[15июл.2026 00:06:04.472] [Server thread/INFO] [AllTheLeaks/]: |- ServerPlayer (minecraft): 1
[15июл.2026 00:06:04.472] [Server thread/INFO] [AllTheLeaks/]: | ChunkAccess:
[15июл.2026 00:06:04.472] [Server thread/INFO] [AllTheLeaks/]: |- LevelChunk (minecraft): 183
[15июл.2026 00:11:02.974] [Server thread/INFO] [dev.ryanhcode.sable.Sable/]: Saving sub-levels for level 'ServerLevel[Новый мир]'/minecraft:overworld
[15июл.2026 00:11:02.984] [Server thread/INFO] [dev.ryanhcode.sable.Sable/]: Saving sub-levels for level 'ServerLevel[Новый мир]'/minecraft:the_end
[15июл.2026 00:11:02.985] [Server thread/INFO] [dev.ryanhcode.sable.Sable/]: Saving sub-levels for level 'ServerLevel[Новый мир]'/minecraft:the_nether
[15июл.2026 00:11:03.027] [Server thread/INFO] [Chunk Activity Tracker/]: Saving data for 16 chunks for dimension 'overworld' took 0 milliseconds
[15июл.2026 00:16:02.970] [Server thread/INFO] [dev.ryanhcode.sable.Sable/]: Saving sub-levels for level 'ServerLevel[Новый мир]'/minecraft:overworld
[15июл.2026 00:16:02.978] [Server thread/INFO] [dev.ryanhcode.sable.Sable/]: Saving sub-levels for level 'ServerLevel[Новый мир]'/minecraft:the_end
[15июл.2026 00:16:02.981] [Server thread/INFO] [dev.ryanhcode.sable.Sable/]: Saving sub-levels for level 'ServerLevel[Новый мир]'/minecraft:the_nether
[15июл.2026 00:16:03.022] [Server thread/INFO] [Chunk Activity Tracker/]: Saving data for 16 chunks for dimension 'overworld' took 0 milliseconds
[15июл.2026 00:16:04.517] [Server thread/INFO] [AllTheLeaks/]: Listing events...
[15июл.2026 00:16:04.517] [Server thread/INFO] [AllTheLeaks/]: Server Player Logout: 6
[15июл.2026 00:16:04.517] [Server thread/INFO] [AllTheLeaks/]: Listing memory leaks so far...
[15июл.2026 00:16:04.517] [Server thread/INFO] [AllTheLeaks/]: B: 3082MB / C: 3082MB / Diff: +0MB
[15июл.2026 00:16:04.519] [Server thread/INFO] [AllTheLeaks/]: Memory Leaks detected: (/atl force_refresh to update)
[15июл.2026 00:16:04.519] [Server thread/INFO] [AllTheLeaks/]: | Player:
[15июл.2026 00:16:04.519] [Server thread/INFO] [AllTheLeaks/]: |- ServerPlayer (minecraft): 1
[15июл.2026 00:16:04.519] [Server thread/INFO] [AllTheLeaks/]: | ChunkAccess:
[15июл.2026 00:16:04.519] [Server thread/INFO] [AllTheLeaks/]: |- LevelChunk (minecraft): 183
[15июл.2026 00:20:53.422] [Yggdrasil Key Fetcher/ERROR] [com.mojang.authlib.yggdrasil.YggdrasilServicesKeyInfo/]: Failed to request yggdrasil public key
com.mojang.authlib.exceptions.MinecraftClientException: Failed to read from https://api.minecraftservices.com/publickeys due to Connect timed out
	at TRANSFORMER/connector$authlib/com.mojang.authlib.minecraft.client.MinecraftClient.readInputStream(MinecraftClient.java:108) ~[authlib-6.0.54.jar%2398!/:?]
	at TRANSFORMER/connector$authlib/com.mojang.authlib.minecraft.client.MinecraftClient.get(MinecraftClient.java:57) ~[authlib-6.0.54.jar%2398!/:?]
	at TRANSFORMER/connector$authlib/com.mojang.authlib.yggdrasil.YggdrasilServicesKeyInfo.fetch(YggdrasilServicesKeyInfo.java:114) ~[authlib-6.0.54.jar%2398!/:?]
	at TRANSFORMER/connector$authlib/com.mojang.authlib.yggdrasil.YggdrasilServicesKeyInfo$1.run(YggdrasilServicesKeyInfo.java:89) ~[authlib-6.0.54.jar%2398!/:?]
	at java.base/java.util.concurrent.Executors$RunnableAdapter.call(Executors.java:572) ~[?:?]
	at java.base/java.util.concurrent.FutureTask.run(FutureTask.java:317) ~[?:?]
	at java.base/java.util.concurrent.ScheduledThreadPoolExecutor$ScheduledFutureTask.run(ScheduledThreadPoolExecutor.java:304) ~[?:?]
	at java.base/java.util.concurrent.ThreadPoolExecutor.runWorker(ThreadPoolExecutor.java:1144) ~[?:?]
	at java.base/java.util.concurrent.ThreadPoolExecutor$Worker.run(ThreadPoolExecutor.java:642) ~[?:?]
	at java.base/java.lang.Thread.run(Thread.java:1583) [?:?]
Caused by: java.net.SocketTimeoutException: Connect timed out
	at java.base/sun.nio.ch.NioSocketImpl.timedFinishConnect(NioSocketImpl.java:546) ~[?:?]
	at java.base/sun.nio.ch.NioSocketImpl.connect(NioSocketImpl.java:592) ~[?:?]
	at java.base/java.net.SocksSocketImpl.connect(SocksSocketImpl.java:327) ~[?:?]
	at java.base/java.net.Socket.connect(Socket.java:751) ~[?:?]
	at java.base/sun.security.ssl.SSLSocketImpl.connect(SSLSocketImpl.java:304) ~[?:?]
	at java.base/sun.net.NetworkClient.doConnect(NetworkClient.java:178) ~[?:?]
	at java.base/sun.net.www.http.HttpClient.openServer(HttpClient.java:531) ~[?:?]
	at java.base/sun.net.www.http.HttpClient.openServer(HttpClient.java:636) ~[?:?]
	at java.base/sun.net.www.protocol.https.HttpsClient.<init>(HttpsClient.java:264) ~[?:?]
	at java.base/sun.net.www.protocol.https.HttpsClient.New(HttpsClient.java:377) ~[?:?]
	at java.base/sun.net.www.protocol.https.AbstractDelegateHttpsURLConnection.getNewHttpClient(AbstractDelegateHttpsURLConnection.java:193) ~[?:?]
	at java.base/sun.net.www.protocol.http.HttpURLConnection.plainConnect0(HttpURLConnection.java:1302) ~[?:?]
	at java.base/sun.net.www.protocol.http.HttpURLConnection.plainConnect(HttpURLConnection.java:1143) ~[?:?]
	at java.base/sun.net.www.protocol.https.AbstractDelegateHttpsURLConnection.connect(AbstractDelegateHttpsURLConnection.java:179) ~[?:?]
	at java.base/sun.net.www.protocol.http.HttpURLConnection.getInputStream0(HttpURLConnection.java:1705) ~[?:?]
	at java.base/sun.net.www.protocol.http.HttpURLConnection.getInputStream(HttpURLConnection.java:1629) ~[?:?]
	at java.base/java.net.HttpURLConnection.getResponseCode(HttpURLConnection.java:531) ~[?:?]
	at java.base/sun.net.www.protocol.https.HttpsURLConnectionImpl.getResponseCode(HttpsURLConnectionImpl.java:307) ~[?:?]
	at TRANSFORMER/connector$authlib/com.mojang.authlib.minecraft.client.MinecraftClient.readInputStream(MinecraftClient.java:84) ~[authlib-6.0.54.jar%2398!/:?]
	... 9 more
[15июл.2026 00:21:02.966] [Server thread/INFO] [dev.ryanhcode.sable.Sable/]: Saving sub-levels for level 'ServerLevel[Новый мир]'/minecraft:overworld
[15июл.2026 00:21:02.973] [Server thread/INFO] [dev.ryanhcode.sable.Sable/]: Saving sub-levels for level 'ServerLevel[Новый мир]'/minecraft:the_end
[15июл.2026 00:21:02.974] [Server thread/INFO] [dev.ryanhcode.sable.Sable/]: Saving sub-levels for level 'ServerLevel[Новый мир]'/minecraft:the_nether
[15июл.2026 00:21:03.025] [Server thread/INFO] [Chunk Activity Tracker/]: Saving data for 16 chunks for dimension 'overworld' took 0 milliseconds
[15июл.2026 00:26:02.972] [Server thread/INFO] [dev.ryanhcode.sable.Sable/]: Saving sub-levels for level 'ServerLevel[Новый мир]'/minecraft:overworld
[15июл.2026 00:26:02.984] [Server thread/INFO] [dev.ryanhcode.sable.Sable/]: Saving sub-levels for level 'ServerLevel[Новый мир]'/minecraft:the_end
[15июл.2026 00:26:02.984] [Server thread/INFO] [dev.ryanhcode.sable.Sable/]: Saving sub-levels for level 'ServerLevel[Новый мир]'/minecraft:the_nether
[15июл.2026 00:26:03.034] [Server thread/INFO] [Chunk Activity Tracker/]: Saving data for 16 chunks for dimension 'overworld' took 1 milliseconds
[15июл.2026 00:26:04.567] [Server thread/INFO] [AllTheLeaks/]: Listing events...
[15июл.2026 00:26:04.567] [Server thread/INFO] [AllTheLeaks/]: Server Player Logout: 6
[15июл.2026 00:26:04.567] [Server thread/INFO] [AllTheLeaks/]: Listing memory leaks so far...
[15июл.2026 00:26:04.567] [Server thread/INFO] [AllTheLeaks/]: B: 3082MB / C: 3082MB / Diff: +0MB
[15июл.2026 00:26:04.567] [Server thread/INFO] [AllTheLeaks/]: Memory Leaks detected: (/atl force_refresh to update)
[15июл.2026 00:26:04.567] [Server thread/INFO] [AllTheLeaks/]: | Player:
[15июл.2026 00:26:04.567] [Server thread/INFO] [AllTheLeaks/]: |- ServerPlayer (minecraft): 1
[15июл.2026 00:26:04.567] [Server thread/INFO] [AllTheLeaks/]: | ChunkAccess:
[15июл.2026 00:26:04.567] [Server thread/INFO] [AllTheLeaks/]: |- LevelChunk (minecraft): 183
[15июл.2026 00:31:02.962] [Server thread/INFO] [dev.ryanhcode.sable.Sable/]: Saving sub-levels for level 'ServerLevel[Новый мир]'/minecraft:overworld
[15июл.2026 00:31:02.974] [Server thread/INFO] [dev.ryanhcode.sable.Sable/]: Saving sub-levels for level 'ServerLevel[Новый мир]'/minecraft:the_end
[15июл.2026 00:31:02.974] [Server thread/INFO] [dev.ryanhcode.sable.Sable/]: Saving sub-levels for level 'ServerLevel[Новый мир]'/minecraft:the_nether
[15июл.2026 00:31:03.027] [Server thread/INFO] [Chunk Activity Tracker/]: Saving data for 16 chunks for dimension 'overworld' took 1 milliseconds
[15июл.2026 00:36:02.975] [Server thread/INFO] [dev.ryanhcode.sable.Sable/]: Saving sub-levels for level 'ServerLevel[Новый мир]'/minecraft:overworld
[15июл.2026 00:36:02.991] [Server thread/INFO] [dev.ryanhcode.sable.Sable/]: Saving sub-levels for level 'ServerLevel[Новый мир]'/minecraft:the_end
[15июл.2026 00:36:02.991] [Server thread/INFO] [dev.ryanhcode.sable.Sable/]: Saving sub-levels for level 'ServerLevel[Новый мир]'/minecraft:the_nether
[15июл.2026 00:36:03.039] [Server thread/INFO] [Chunk Activity Tracker/]: Saving data for 16 chunks for dimension 'overworld' took 0 milliseconds
[15июл.2026 00:36:04.612] [Server thread/INFO] [AllTheLeaks/]: Listing events...
[15июл.2026 00:36:04.612] [Server thread/INFO] [AllTheLeaks/]: Server Player Logout: 6
[15июл.2026 00:36:04.612] [Server thread/INFO] [AllTheLeaks/]: Listing memory leaks so far...
[15июл.2026 00:36:04.613] [Server thread/INFO] [AllTheLeaks/]: B: 3082MB / C: 3082MB / Diff: +0MB
[15июл.2026 00:36:04.613] [Server thread/INFO] [AllTheLeaks/]: Memory Leaks detected: (/atl force_refresh to update)
[15июл.2026 00:36:04.613] [Server thread/INFO] [AllTheLeaks/]: | Player:
[15июл.2026 00:36:04.613] [Server thread/INFO] [AllTheLeaks/]: |- ServerPlayer (minecraft): 1
[15июл.2026 00:36:04.613] [Server thread/INFO] [AllTheLeaks/]: | ChunkAccess:
[15июл.2026 00:36:04.613] [Server thread/INFO] [AllTheLeaks/]: |- LevelChunk (minecraft): 183
[15июл.2026 00:41:02.974] [Server thread/INFO] [dev.ryanhcode.sable.Sable/]: Saving sub-levels for level 'ServerLevel[Новый мир]'/minecraft:overworld
[15июл.2026 00:41:02.985] [Server thread/INFO] [dev.ryanhcode.sable.Sable/]: Saving sub-levels for level 'ServerLevel[Новый мир]'/minecraft:the_end
[15июл.2026 00:41:02.986] [Server thread/INFO] [dev.ryanhcode.sable.Sable/]: Saving sub-levels for level 'ServerLevel[Новый мир]'/minecraft:the_nether
[15июл.2026 00:41:03.030] [Server thread/INFO] [Chunk Activity Tracker/]: Saving data for 16 chunks for dimension 'overworld' took 0 milliseconds
[15июл.2026 00:46:02.968] [Server thread/INFO] [dev.ryanhcode.sable.Sable/]: Saving sub-levels for level 'ServerLevel[Новый мир]'/minecraft:overworld
[15июл.2026 00:46:02.977] [Server thread/INFO] [dev.ryanhcode.sable.Sable/]: Saving sub-levels for level 'ServerLevel[Новый мир]'/minecraft:the_end
[15июл.2026 00:46:02.977] [Server thread/INFO] [dev.ryanhcode.sable.Sable/]: Saving sub-levels for level 'ServerLevel[Новый мир]'/minecraft:the_nether
[15июл.2026 00:46:03.020] [Server thread/INFO] [Chunk Activity Tracker/]: Saving data for 16 chunks for dimension 'overworld' took 0 milliseconds
[15июл.2026 00:46:04.672] [Server thread/INFO] [AllTheLeaks/]: Listing events...
[15июл.2026 00:46:04.672] [Server thread/INFO] [AllTheLeaks/]: Server Player Logout: 6
[15июл.2026 00:46:04.674] [Server thread/INFO] [AllTheLeaks/]: Listing memory leaks so far...
[15июл.2026 00:46:04.674] [Server thread/INFO] [AllTheLeaks/]: B: 3082MB / C: 3082MB / Diff: +0MB
[15июл.2026 00:46:04.674] [Server thread/INFO] [AllTheLeaks/]: Memory Leaks detected: (/atl force_refresh to update)
[15июл.2026 00:46:04.674] [Server thread/INFO] [AllTheLeaks/]: | Player:
[15июл.2026 00:46:04.674] [Server thread/INFO] [AllTheLeaks/]: |- ServerPlayer (minecraft): 1
[15июл.2026 00:46:04.674] [Server thread/INFO] [AllTheLeaks/]: | ChunkAccess:
[15июл.2026 00:46:04.674] [Server thread/INFO] [AllTheLeaks/]: |- LevelChunk (minecraft): 183
[15июл.2026 00:51:02.972] [Server thread/INFO] [dev.ryanhcode.sable.Sable/]: Saving sub-levels for level 'ServerLevel[Новый мир]'/minecraft:overworld
[15июл.2026 00:51:02.979] [Server thread/INFO] [dev.ryanhcode.sable.Sable/]: Saving sub-levels for level 'ServerLevel[Новый мир]'/minecraft:the_end
[15июл.2026 00:51:02.979] [Server thread/INFO] [dev.ryanhcode.sable.Sable/]: Saving sub-levels for level 'ServerLevel[Новый мир]'/minecraft:the_nether
[15июл.2026 00:51:03.041] [Server thread/INFO] [Chunk Activity Tracker/]: Saving data for 16 chunks for dimension 'overworld' took 1 milliseconds
[15июл.2026 00:56:02.970] [Server thread/INFO] [dev.ryanhcode.sable.Sable/]: Saving sub-levels for level 'ServerLevel[Новый мир]'/minecraft:overworld
[15июл.2026 00:56:02.982] [Server thread/INFO] [dev.ryanhcode.sable.Sable/]: Saving sub-levels for level 'ServerLevel[Новый мир]'/minecraft:the_end
[15июл.2026 00:56:02.983] [Server thread/INFO] [dev.ryanhcode.sable.Sable/]: Saving sub-levels for level 'ServerLevel[Новый мир]'/minecraft:the_nether
[15июл.2026 00:56:03.025] [Server thread/INFO] [Chunk Activity Tracker/]: Saving data for 16 chunks for dimension 'overworld' took 1 milliseconds
[15июл.2026 00:56:04.718] [Server thread/INFO] [AllTheLeaks/]: Listing events...
[15июл.2026 00:56:04.718] [Server thread/INFO] [AllTheLeaks/]: Server Player Logout: 6
[15июл.2026 00:56:04.718] [Server thread/INFO] [AllTheLeaks/]: Listing memory leaks so far...
[15июл.2026 00:56:04.718] [Server thread/INFO] [AllTheLeaks/]: B: 3082MB / C: 3084MB / Diff: +2MB
[15июл.2026 00:56:04.718] [Server thread/INFO] [AllTheLeaks/]: Memory Leaks detected: (/atl force_refresh to update)
[15июл.2026 00:56:04.718] [Server thread/INFO] [AllTheLeaks/]: | Player:
[15июл.2026 00:56:04.718] [Server thread/INFO] [AllTheLeaks/]: |- ServerPlayer (minecraft): 1
[15июл.2026 00:56:04.718] [Server thread/INFO] [AllTheLeaks/]: | ChunkAccess:
[15июл.2026 00:56:04.718] [Server thread/INFO] [AllTheLeaks/]: |- LevelChunk (minecraft): 183
[15июл.2026 01:01:02.975] [Server thread/INFO] [dev.ryanhcode.sable.Sable/]: Saving sub-levels for level 'ServerLevel[Новый мир]'/minecraft:overworld
[15июл.2026 01:01:02.983] [Server thread/INFO] [dev.ryanhcode.sable.Sable/]: Saving sub-levels for level 'ServerLevel[Новый мир]'/minecraft:the_end
[15июл.2026 01:01:02.984] [Server thread/INFO] [dev.ryanhcode.sable.Sable/]: Saving sub-levels for level 'ServerLevel[Новый мир]'/minecraft:the_nether
[15июл.2026 01:01:03.036] [Server thread/INFO] [Chunk Activity Tracker/]: Saving data for 16 chunks for dimension 'overworld' took 1 milliseconds
[15июл.2026 01:06:02.961] [Server thread/INFO] [dev.ryanhcode.sable.Sable/]: Saving sub-levels for level 'ServerLevel[Новый мир]'/minecraft:overworld
[15июл.2026 01:06:02.974] [Server thread/INFO] [dev.ryanhcode.sable.Sable/]: Saving sub-levels for level 'ServerLevel[Новый мир]'/minecraft:the_end
[15июл.2026 01:06:02.974] [Server thread/INFO] [dev.ryanhcode.sable.Sable/]: Saving sub-levels for level 'ServerLevel[Новый мир]'/minecraft:the_nether
[15июл.2026 01:06:03.017] [Server thread/INFO] [Chunk Activity Tracker/]: Saving data for 16 chunks for dimension 'overworld' took 0 milliseconds
[15июл.2026 01:06:04.775] [Server thread/INFO] [AllTheLeaks/]: Listing events...
[15июл.2026 01:06:04.775] [Server thread/INFO] [AllTheLeaks/]: Server Player Logout: 6
[15июл.2026 01:06:04.775] [Server thread/INFO] [AllTheLeaks/]: Listing memory leaks so far...
[15июл.2026 01:06:04.775] [Server thread/INFO] [AllTheLeaks/]: B: 3082MB / C: 3084MB / Diff: +2MB
[15июл.2026 01:06:04.775] [Server thread/INFO] [AllTheLeaks/]: Memory Leaks detected: (/atl force_refresh to update)
[15июл.2026 01:06:04.775] [Server thread/INFO] [AllTheLeaks/]: | Player:
[15июл.2026 01:06:04.775] [Server thread/INFO] [AllTheLeaks/]: |- ServerPlayer (minecraft): 1
[15июл.2026 01:06:04.775] [Server thread/INFO] [AllTheLeaks/]: | ChunkAccess:
[15июл.2026 01:06:04.775] [Server thread/INFO] [AllTheLeaks/]: |- LevelChunk (minecraft): 183
[15июл.2026 01:11:02.972] [Server thread/INFO] [dev.ryanhcode.sable.Sable/]: Saving sub-levels for level 'ServerLevel[Новый мир]'/minecraft:overworld
[15июл.2026 01:11:02.985] [Server thread/INFO] [dev.ryanhcode.sable.Sable/]: Saving sub-levels for level 'ServerLevel[Новый мир]'/minecraft:the_end
[15июл.2026 01:11:02.985] [Server thread/INFO] [dev.ryanhcode.sable.Sable/]: Saving sub-levels for level 'ServerLevel[Новый мир]'/minecraft:the_nether
[15июл.2026 01:11:03.030] [Server thread/INFO] [Chunk Activity Tracker/]: Saving data for 16 chunks for dimension 'overworld' took 1 milliseconds
[15июл.2026 01:16:02.975] [Server thread/INFO] [dev.ryanhcode.sable.Sable/]: Saving sub-levels for level 'ServerLevel[Новый мир]'/minecraft:overworld
[15июл.2026 01:16:02.983] [Server thread/INFO] [dev.ryanhcode.sable.Sable/]: Saving sub-levels for level 'ServerLevel[Новый мир]'/minecraft:the_end
[15июл.2026 01:16:02.983] [Server thread/INFO] [dev.ryanhcode.sable.Sable/]: Saving sub-levels for level 'ServerLevel[Новый мир]'/minecraft:the_nether
[15июл.2026 01:16:03.031] [Server thread/INFO] [Chunk Activity Tracker/]: Saving data for 16 chunks for dimension 'overworld' took 1 milliseconds
[15июл.2026 01:16:04.816] [Server thread/INFO] [AllTheLeaks/]: Listing events...
[15июл.2026 01:16:04.816] [Server thread/INFO] [AllTheLeaks/]: Server Player Logout: 6
[15июл.2026 01:16:04.817] [Server thread/INFO] [AllTheLeaks/]: Listing memory leaks so far...
[15июл.2026 01:16:04.817] [Server thread/INFO] [AllTheLeaks/]: B: 3082MB / C: 3084MB / Diff: +2MB
[15июл.2026 01:16:04.817] [Server thread/INFO] [AllTheLeaks/]: Memory Leaks detected: (/atl force_refresh to update)
[15июл.2026 01:16:04.817] [Server thread/INFO] [AllTheLeaks/]: | Player:
[15июл.2026 01:16:04.817] [Server thread/INFO] [AllTheLeaks/]: |- ServerPlayer (minecraft): 1
[15июл.2026 01:16:04.817] [Server thread/INFO] [AllTheLeaks/]: | ChunkAccess:
[15июл.2026 01:16:04.817] [Server thread/INFO] [AllTheLeaks/]: |- LevelChunk (minecraft): 183
[15июл.2026 01:21:02.968] [Server thread/INFO] [dev.ryanhcode.sable.Sable/]: Saving sub-levels for level 'ServerLevel[Новый мир]'/minecraft:overworld
[15июл.2026 01:21:02.979] [Server thread/INFO] [dev.ryanhcode.sable.Sable/]: Saving sub-levels for level 'ServerLevel[Новый мир]'/minecraft:the_end
[15июл.2026 01:21:02.979] [Server thread/INFO] [dev.ryanhcode.sable.Sable/]: Saving sub-levels for level 'ServerLevel[Новый мир]'/minecraft:the_nether
[15июл.2026 01:21:03.024] [Server thread/INFO] [Chunk Activity Tracker/]: Saving data for 16 chunks for dimension 'overworld' took 2 milliseconds
[15июл.2026 01:26:02.974] [Server thread/INFO] [dev.ryanhcode.sable.Sable/]: Saving sub-levels for level 'ServerLevel[Новый мир]'/minecraft:overworld
[15июл.2026 01:26:02.984] [Server thread/INFO] [dev.ryanhcode.sable.Sable/]: Saving sub-levels for level 'ServerLevel[Новый мир]'/minecraft:the_end
[15июл.2026 01:26:02.984] [Server thread/INFO] [dev.ryanhcode.sable.Sable/]: Saving sub-levels for level 'ServerLevel[Новый мир]'/minecraft:the_nether
[15июл.2026 01:26:03.034] [Server thread/INFO] [Chunk Activity Tracker/]: Saving data for 16 chunks for dimension 'overworld' took 1 milliseconds
[15июл.2026 01:26:04.875] [Server thread/INFO] [AllTheLeaks/]: Listing events...
[15июл.2026 01:26:04.875] [Server thread/INFO] [AllTheLeaks/]: Server Player Logout: 6
[15июл.2026 01:26:04.875] [Server thread/INFO] [AllTheLeaks/]: Listing memory leaks so far...
[15июл.2026 01:26:04.876] [Server thread/INFO] [AllTheLeaks/]: B: 3082MB / C: 3084MB / Diff: +2MB
[15июл.2026 01:26:04.876] [Server thread/INFO] [AllTheLeaks/]: Memory Leaks detected: (/atl force_refresh to update)
[15июл.2026 01:26:04.876] [Server thread/INFO] [AllTheLeaks/]: | Player:
[15июл.2026 01:26:04.876] [Server thread/INFO] [AllTheLeaks/]: |- ServerPlayer (minecraft): 1
[15июл.2026 01:26:04.876] [Server thread/INFO] [AllTheLeaks/]: | ChunkAccess:
[15июл.2026 01:26:04.876] [Server thread/INFO] [AllTheLeaks/]: |- LevelChunk (minecraft): 183
[15июл.2026 01:29:07.124] [Server thread/INFO] [de.mrjulsen.crn.CreateRailwaysNavigator/]: Stopping train listener...
[15июл.2026 01:29:07.148] [Server thread/INFO] [de.mrjulsen.crn.CreateRailwaysNavigator/]: Stopping Advanced Display Data Manager...
[15июл.2026 01:29:07.316] [Server thread/INFO] [de.mrjulsen.crn.CreateRailwaysNavigator/]: All events have been closed.
[15июл.2026 01:29:07.329] [Server thread/INFO] [DragonLib Networking System/]: Shutting down network threads. Please wait...
[15июл.2026 01:29:07.383] [Server thread/INFO] [DragonLib Networking System/]: Network threads shut down. Took 56ms.
[15июл.2026 01:29:07.545] [Server thread/INFO] [com.strictgaming.elite.holograms.neo21.Neo21Holograms/]: Server stopping - preparing to save holograms with timeout protection
