[15июл.2026 00:01:32.215] [Server thread/INFO] [dev.ryanhcode.sable.Sable/]: Saving sub-levels for level 'ServerLevel[ХХАХАХАХХА алкесей навальный]'/minecraft:overworld
[15июл.2026 00:01:32.265] [Server thread/INFO] [dev.ryanhcode.sable.Sable/]: Saving sub-levels for level 'ServerLevel[ХХАХАХАХХА алкесей навальный]'/minecraft:the_nether
[15июл.2026 00:01:32.272] [Server thread/INFO] [dev.ryanhcode.sable.Sable/]: Saving sub-levels for level 'ServerLevel[ХХАХАХАХХА алкесей навальный]'/minecraft:the_end
[15июл.2026 00:01:32.327] [Server thread/INFO] [Chunk Activity Tracker/]: Saving data for 2205 chunks for dimension 'the_nether' took 3 milliseconds
[15июл.2026 00:01:32.330] [Server thread/INFO] [Chunk Activity Tracker/]: Saving data for 1122 chunks for dimension 'the_end' took 3 milliseconds
[15июл.2026 00:01:32.347] [Server thread/INFO] [Chunk Activity Tracker/]: Saving data for 10127 chunks for dimension 'overworld' took 16 milliseconds
[15июл.2026 00:02:59.850] [Server thread/WARN] [net.minecraft.server.network.ServerGamePacketListenerImpl/]: Clarerta moved too quickly! 12.054441895995069,-2.775762536555021,-14.20015937909875
[15июл.2026 00:03:36.834] [Server thread/WARN] [net.minecraft.server.network.ServerGamePacketListenerImpl/]: Clarerta moved too quickly! 11.851858759908964,-1.9421683994590921,-14.481923324504123
[15июл.2026 00:03:37.968] [Server thread/WARN] [net.minecraft.server.MinecraftServer/]: Can't keep up! Is the server overloaded? Running 2448ms or 48 ticks behind
[15июл.2026 00:03:39.826] [Server thread/INFO] [aeroclaims/UnregisteredShipsManager/]: New unregistered ship detected: id=ff1e0bbc-c51f-4cfd-a214-0aec5d836f3c name=ship
[15июл.2026 00:03:49.662] [Server thread/WARN] [net.minecraft.server.network.ServerGamePacketListenerImpl/]: Clarerta moved too quickly! 11.569085357410131,-2.2893246573795523,-15.673850750617476
[15июл.2026 00:03:58.479] [Server thread/WARN] [net.minecraft.server.network.ServerGamePacketListenerImpl/]: Clarerta moved too quickly! 13.074293387795024,-2.7167281966829933,-15.11556793566433
[15июл.2026 00:04:04.714] [Server thread/INFO] [aeroclaims/UnregisteredShipsManager/]: New unregistered ship detected: id=ab508a75-3a85-4847-b212-632e2e103f64 name=ship
[15июл.2026 00:05:25.720] [Server thread/INFO] [aeroclaims/UnregisteredShipsManager/]: New unregistered ship detected: id=ff1e0bbc-c51f-4cfd-a214-0aec5d836f3c name=ship
[15июл.2026 00:06:17.328] [Server thread/WARN] [net.minecraft.server.network.ServerGamePacketListenerImpl/]: Clarerta moved too quickly! -9.824935761027973,-0.7436946644373847,15.85622678389609
[15июл.2026 00:06:22.161] [Server thread/WARN] [net.minecraft.server.network.ServerGamePacketListenerImpl/]: Clarerta moved too quickly! -14.898021946466315,-1.0191112730788348,10.376626485907423
[15июл.2026 00:06:34.617] [Server thread/INFO] [dev.ryanhcode.sable.Sable/]: Saving sub-levels for level 'ServerLevel[ХХАХАХАХХА алкесей навальный]'/minecraft:overworld
[15июл.2026 00:06:34.650] [Server thread/INFO] [dev.ryanhcode.sable.Sable/]: Saving sub-levels for level 'ServerLevel[ХХАХАХАХХА алкесей навальный]'/minecraft:the_nether
[15июл.2026 00:06:34.659] [Server thread/INFO] [dev.ryanhcode.sable.Sable/]: Saving sub-levels for level 'ServerLevel[ХХАХАХАХХА алкесей навальный]'/minecraft:the_end
[15июл.2026 00:06:34.718] [Server thread/INFO] [Chunk Activity Tracker/]: Saving data for 2205 chunks for dimension 'the_nether' took 5 milliseconds
[15июл.2026 00:06:34.719] [Server thread/INFO] [Chunk Activity Tracker/]: Saving data for 1122 chunks for dimension 'the_end' took 1 milliseconds
[15июл.2026 00:06:34.739] [Server thread/INFO] [Chunk Activity Tracker/]: Saving data for 10261 chunks for dimension 'overworld' took 19 milliseconds
[15июл.2026 00:06:36.028] [Server thread/INFO] [AllTheLeaks/]: Listing events...
[15июл.2026 00:06:36.028] [Server thread/INFO] [AllTheLeaks/]: Server Player Logout: 5
[15июл.2026 00:06:36.028] [Server thread/INFO] [AllTheLeaks/]: Listing memory leaks so far...
[15июл.2026 00:06:36.028] [Server thread/INFO] [AllTheLeaks/]: B: 3133MB / C: 3717MB / Diff: +584MB
[15июл.2026 00:06:36.028] [Server thread/INFO] [AllTheLeaks/]: Memory Leaks detected: (/atl force_refresh to update)
[15июл.2026 00:06:36.028] [Server thread/INFO] [AllTheLeaks/]: | ChunkAccess:
[15июл.2026 00:06:36.028] [Server thread/INFO] [AllTheLeaks/]: |- LevelChunk (minecraft): 1106
[15июл.2026 00:11:34.616] [Server thread/INFO] [dev.ryanhcode.sable.Sable/]: Saving sub-levels for level 'ServerLevel[ХХАХАХАХХА алкесей навальный]'/minecraft:overworld
[15июл.2026 00:11:34.635] [Server thread/INFO] [dev.ryanhcode.sable.Sable/]: Saving sub-levels for level 'ServerLevel[ХХАХАХАХХА алкесей навальный]'/minecraft:the_nether
[15июл.2026 00:11:34.646] [Server thread/INFO] [dev.ryanhcode.sable.Sable/]: Saving sub-levels for level 'ServerLevel[ХХАХАХАХХА алкесей навальный]'/minecraft:the_end
[15июл.2026 00:11:34.696] [Server thread/INFO] [Chunk Activity Tracker/]: Saving data for 2205 chunks for dimension 'the_nether' took 4 milliseconds
[15июл.2026 00:11:34.698] [Server thread/INFO] [Chunk Activity Tracker/]: Saving data for 1122 chunks for dimension 'the_end' took 2 milliseconds
[15июл.2026 00:11:34.715] [Server thread/INFO] [Chunk Activity Tracker/]: Saving data for 10261 chunks for dimension 'overworld' took 16 milliseconds
[15июл.2026 00:16:34.612] [Server thread/INFO] [dev.ryanhcode.sable.Sable/]: Saving sub-levels for level 'ServerLevel[ХХАХАХАХХА алкесей навальный]'/minecraft:overworld
[15июл.2026 00:16:34.626] [Server thread/INFO] [dev.ryanhcode.sable.Sable/]: Saving sub-levels for level 'ServerLevel[ХХАХАХАХХА алкесей навальный]'/minecraft:the_nether
[15июл.2026 00:16:34.636] [Server thread/INFO] [dev.ryanhcode.sable.Sable/]: Saving sub-levels for level 'ServerLevel[ХХАХАХАХХА алкесей навальный]'/minecraft:the_end
[15июл.2026 00:16:34.686] [Server thread/INFO] [Chunk Activity Tracker/]: Saving data for 2205 chunks for dimension 'the_nether' took 4 milliseconds
[15июл.2026 00:16:34.688] [Server thread/INFO] [Chunk Activity Tracker/]: Saving data for 1122 chunks for dimension 'the_end' took 2 milliseconds
[15июл.2026 00:16:34.704] [Server thread/INFO] [Chunk Activity Tracker/]: Saving data for 10261 chunks for dimension 'overworld' took 16 milliseconds
[15июл.2026 00:16:36.081] [Server thread/INFO] [AllTheLeaks/]: Listing events...
[15июл.2026 00:16:36.082] [Server thread/INFO] [AllTheLeaks/]: Server Player Logout: 5
[15июл.2026 00:16:36.082] [Server thread/INFO] [AllTheLeaks/]: Listing memory leaks so far...
[15июл.2026 00:16:36.082] [Server thread/INFO] [AllTheLeaks/]: B: 3133MB / C: 3438MB / Diff: +305MB
[15июл.2026 00:16:36.082] [Server thread/INFO] [AllTheLeaks/]: Memory Leaks detected: (/atl force_refresh to update)
[15июл.2026 00:16:36.082] [Server thread/INFO] [AllTheLeaks/]: | ChunkAccess:
[15июл.2026 00:16:36.082] [Server thread/INFO] [AllTheLeaks/]: |- LevelChunk (minecraft): 284
[15июл.2026 00:19:06.614] [Server thread/WARN] [net.minecraft.server.network.ServerGamePacketListenerImpl/]: Clarerta moved too quickly! -0.08909056511470226,-19.334197824130626,1.2722180088929917
[15июл.2026 00:19:09.482] [Server thread/WARN] [net.minecraft.server.network.ServerGamePacketListenerImpl/]: Clarerta moved too quickly! 0.0017370480284171208,-20.133151487127236,0.009600779121683445
[15июл.2026 00:20:59.537] [Yggdrasil Key Fetcher/ERROR] [com.mojang.authlib.yggdrasil.YggdrasilServicesKeyInfo/]: Failed to request yggdrasil public key
com.mojang.authlib.exceptions.MinecraftClientException: Failed to read from https://api.minecraftservices.com/publickeys due to Connect timed out
	at TRANSFORMER/connector$authlib/com.mojang.authlib.minecraft.client.MinecraftClient.readInputStream(MinecraftClient.java:108) ~[authlib-6.0.54.jar%2398!/:?]
	at TRANSFORMER/connector$authlib/com.mojang.authlib.minecraft.client.MinecraftClient.get(MinecraftClient.java:57) ~[authlib-6.0.54.jar%2398!/:?]
	at TRANSFORMER/connector$authlib/com.mojang.authlib.yggdrasil.YggdrasilServicesKeyInfo.fetch(YggdrasilServicesKeyInfo.java:114) ~[authlib-6.0.54.jar%2398!/:?]
	at TRANSFORMER/connector$authlib/com.mojang.authlib.yggdrasil.YggdrasilServicesKeyInfo$1.run(YggdrasilServicesKeyInfo.java:89) ~[authlib-6.0.54.jar%2398!/:?]
	at java.base/java.util.concurrent.Executors$RunnableAdapter.call(Executors.java:572) ~[?:?]
	at java.base/java.util.concurrent.FutureTask.run(FutureTask.java:317) ~[?:?]
	at java.base/java.util.concurrent.ScheduledThreadPoolExecutor$ScheduledFutureTask.run(ScheduledThreadPoolExecutor.java:304) ~[?:?]
	at java.base/java.util.concurrent.ThreadPoolExecutor.runWorker(ThreadPoolExecutor.java:1144) ~[?:?]
	at java.base/java.util.concurrent.ThreadPoolExecutor$Worker.run(ThreadPoolExecutor.java:642) ~[?:?]
	at java.base/java.lang.Thread.run(Thread.java:1583) [?:?]
Caused by: java.net.SocketTimeoutException: Connect timed out
	at java.base/sun.nio.ch.NioSocketImpl.timedFinishConnect(NioSocketImpl.java:546) ~[?:?]
	at java.base/sun.nio.ch.NioSocketImpl.connect(NioSocketImpl.java:592) ~[?:?]
	at java.base/java.net.SocksSocketImpl.connect(SocksSocketImpl.java:327) ~[?:?]
	at java.base/java.net.Socket.connect(Socket.java:751) ~[?:?]
	at java.base/sun.security.ssl.SSLSocketImpl.connect(SSLSocketImpl.java:304) ~[?:?]
	at java.base/sun.net.NetworkClient.doConnect(NetworkClient.java:178) ~[?:?]
	at java.base/sun.net.www.http.HttpClient.openServer(HttpClient.java:531) ~[?:?]
	at java.base/sun.net.www.http.HttpClient.openServer(HttpClient.java:636) ~[?:?]
	at java.base/sun.net.www.protocol.https.HttpsClient.<init>(HttpsClient.java:264) ~[?:?]
	at java.base/sun.net.www.protocol.https.HttpsClient.New(HttpsClient.java:377) ~[?:?]
	at java.base/sun.net.www.protocol.https.AbstractDelegateHttpsURLConnection.getNewHttpClient(AbstractDelegateHttpsURLConnection.java:193) ~[?:?]
	at java.base/sun.net.www.protocol.http.HttpURLConnection.plainConnect0(HttpURLConnection.java:1302) ~[?:?]
	at java.base/sun.net.www.protocol.http.HttpURLConnection.plainConnect(HttpURLConnection.java:1143) ~[?:?]
	at java.base/sun.net.www.protocol.https.AbstractDelegateHttpsURLConnection.connect(AbstractDelegateHttpsURLConnection.java:179) ~[?:?]
	at java.base/sun.net.www.protocol.http.HttpURLConnection.getInputStream0(HttpURLConnection.java:1705) ~[?:?]
	at java.base/sun.net.www.protocol.http.HttpURLConnection.getInputStream(HttpURLConnection.java:1629) ~[?:?]
	at java.base/java.net.HttpURLConnection.getResponseCode(HttpURLConnection.java:531) ~[?:?]
	at java.base/sun.net.www.protocol.https.HttpsURLConnectionImpl.getResponseCode(HttpsURLConnectionImpl.java:307) ~[?:?]
	at TRANSFORMER/connector$authlib/com.mojang.authlib.minecraft.client.MinecraftClient.readInputStream(MinecraftClient.java:84) ~[authlib-6.0.54.jar%2398!/:?]
	... 9 more
[15июл.2026 00:21:34.640] [Server thread/INFO] [dev.ryanhcode.sable.Sable/]: Saving sub-levels for level 'ServerLevel[ХХАХАХАХХА алкесей навальный]'/minecraft:overworld
[15июл.2026 00:21:34.655] [Server thread/INFO] [dev.ryanhcode.sable.Sable/]: Saving sub-levels for level 'ServerLevel[ХХАХАХАХХА алкесей навальный]'/minecraft:the_nether
[15июл.2026 00:21:34.664] [Server thread/INFO] [dev.ryanhcode.sable.Sable/]: Saving sub-levels for level 'ServerLevel[ХХАХАХАХХА алкесей навальный]'/minecraft:the_end
[15июл.2026 00:21:34.717] [Server thread/INFO] [Chunk Activity Tracker/]: Saving data for 2205 chunks for dimension 'the_nether' took 4 milliseconds
[15июл.2026 00:21:34.720] [Server thread/INFO] [Chunk Activity Tracker/]: Saving data for 1122 chunks for dimension 'the_end' took 3 milliseconds
[15июл.2026 00:21:34.740] [Server thread/INFO] [Chunk Activity Tracker/]: Saving data for 10263 chunks for dimension 'overworld' took 20 milliseconds
[15июл.2026 00:26:34.617] [Server thread/INFO] [dev.ryanhcode.sable.Sable/]: Saving sub-levels for level 'ServerLevel[ХХАХАХАХХА алкесей навальный]'/minecraft:overworld
[15июл.2026 00:26:34.629] [Server thread/INFO] [dev.ryanhcode.sable.Sable/]: Saving sub-levels for level 'ServerLevel[ХХАХАХАХХА алкесей навальный]'/minecraft:the_nether
[15июл.2026 00:26:34.641] [Server thread/INFO] [dev.ryanhcode.sable.Sable/]: Saving sub-levels for level 'ServerLevel[ХХАХАХАХХА алкесей навальный]'/minecraft:the_end
[15июл.2026 00:26:34.690] [Server thread/INFO] [Chunk Activity Tracker/]: Saving data for 2205 chunks for dimension 'the_nether' took 5 milliseconds
[15июл.2026 00:26:34.692] [Server thread/INFO] [Chunk Activity Tracker/]: Saving data for 1122 chunks for dimension 'the_end' took 2 milliseconds
[15июл.2026 00:26:34.709] [Server thread/INFO] [Chunk Activity Tracker/]: Saving data for 10263 chunks for dimension 'overworld' took 17 milliseconds
[15июл.2026 00:26:36.132] [Server thread/INFO] [AllTheLeaks/]: Listing events...
[15июл.2026 00:26:36.132] [Server thread/INFO] [AllTheLeaks/]: Server Player Logout: 5
[15июл.2026 00:26:36.132] [Server thread/INFO] [AllTheLeaks/]: Listing memory leaks so far...
[15июл.2026 00:26:36.132] [Server thread/INFO] [AllTheLeaks/]: B: 3133MB / C: 3394MB / Diff: +261MB
[15июл.2026 00:26:36.132] [Server thread/INFO] [AllTheLeaks/]: Memory Leaks detected: (/atl force_refresh to update)
[15июл.2026 00:26:36.132] [Server thread/INFO] [AllTheLeaks/]: | ChunkAccess:
[15июл.2026 00:26:36.132] [Server thread/INFO] [AllTheLeaks/]: |- LevelChunk (minecraft): 135
[15июл.2026 00:31:02.787] [Server thread/INFO] [net.minecraft.server.MinecraftServer/]: Clarerta was doomed to fall
[15июл.2026 00:31:04.909] [Server thread/INFO] [aeroclaims/UnregisteredShipsManager/]: New unregistered ship detected: id=ab508a75-3a85-4847-b212-632e2e103f64 name=ship
[15июл.2026 00:31:08.435] [Server thread/INFO] [net.minecraft.server.MinecraftServer/]: [Clarerta: Teleported Clarerta to 1026.500000, 68.500000, -554.500000]
[15июл.2026 00:31:34.606] [Server thread/INFO] [dev.ryanhcode.sable.Sable/]: Saving sub-levels for level 'ServerLevel[ХХАХАХАХХА алкесей навальный]'/minecraft:overworld
[15июл.2026 00:31:34.630] [Server thread/INFO] [dev.ryanhcode.sable.Sable/]: Saving sub-levels for level 'ServerLevel[ХХАХАХАХХА алкесей навальный]'/minecraft:the_nether
[15июл.2026 00:31:34.641] [Server thread/INFO] [dev.ryanhcode.sable.Sable/]: Saving sub-levels for level 'ServerLevel[ХХАХАХАХХА алкесей навальный]'/minecraft:the_end
[15июл.2026 00:31:34.694] [Server thread/INFO] [Chunk Activity Tracker/]: Saving data for 2205 chunks for dimension 'the_nether' took 4 milliseconds
[15июл.2026 00:31:34.696] [Server thread/INFO] [Chunk Activity Tracker/]: Saving data for 1122 chunks for dimension 'the_end' took 2 milliseconds
[15июл.2026 00:31:34.712] [Server thread/INFO] [Chunk Activity Tracker/]: Saving data for 10265 chunks for dimension 'overworld' took 16 milliseconds
[15июл.2026 00:33:38.384] [Server thread/INFO] [net.minecraft.server.MinecraftServer/]: [Clarerta: Set own game mode to Creative Mode]
[15июл.2026 00:33:39.714] [Server thread/INFO] [net.minecraft.server.MinecraftServer/]: [Clarerta: Set own game mode to Spectator Mode]
[15июл.2026 00:33:45.331] [Server thread/INFO] [net.minecraft.server.MinecraftServer/]: [Clarerta: Set own game mode to Creative Mode]
[15июл.2026 00:33:59.290] [Server thread/INFO] [net.minecraft.server.MinecraftServer/]: [Clarerta: Set own game mode to Spectator Mode]
[15июл.2026 00:34:05.719] [Server thread/INFO] [net.minecraft.server.MinecraftServer/]: [Clarerta: Set own game mode to Creative Mode]
[15июл.2026 00:34:07.027] [Server thread/INFO] [net.minecraft.server.MinecraftServer/]: [Clarerta: Set own game mode to Survival Mode]
[15июл.2026 00:36:34.618] [Server thread/INFO] [dev.ryanhcode.sable.Sable/]: Saving sub-levels for level 'ServerLevel[ХХАХАХАХХА алкесей навальный]'/minecraft:overworld
[15июл.2026 00:36:34.630] [Server thread/INFO] [dev.ryanhcode.sable.Sable/]: Saving sub-levels for level 'ServerLevel[ХХАХАХАХХА алкесей навальный]'/minecraft:the_nether
[15июл.2026 00:36:34.645] [Server thread/INFO] [dev.ryanhcode.sable.Sable/]: Saving sub-levels for level 'ServerLevel[ХХАХАХАХХА алкесей навальный]'/minecraft:the_end
[15июл.2026 00:36:34.699] [Server thread/INFO] [Chunk Activity Tracker/]: Saving data for 2205 chunks for dimension 'the_nether' took 3 milliseconds
[15июл.2026 00:36:34.701] [Server thread/INFO] [Chunk Activity Tracker/]: Saving data for 1122 chunks for dimension 'the_end' took 2 milliseconds
[15июл.2026 00:36:34.719] [Server thread/INFO] [Chunk Activity Tracker/]: Saving data for 10267 chunks for dimension 'overworld' took 18 milliseconds
[15июл.2026 00:36:36.191] [Server thread/INFO] [AllTheLeaks/]: Listing events...
[15июл.2026 00:36:36.191] [Server thread/INFO] [AllTheLeaks/]: Server Player Clone: 1
[15июл.2026 00:36:36.191] [Server thread/INFO] [AllTheLeaks/]: Server Player Logout: 5
[15июл.2026 00:36:36.191] [Server thread/INFO] [AllTheLeaks/]: Listing memory leaks so far...
[15июл.2026 00:36:36.192] [Server thread/INFO] [AllTheLeaks/]: B: 3133MB / C: 3420MB / Diff: +287MB
[15июл.2026 00:36:36.192] [Server thread/INFO] [AllTheLeaks/]: Memory Leaks detected: (/atl force_refresh to update)
[15июл.2026 00:36:36.192] [Server thread/INFO] [AllTheLeaks/]: | ChunkAccess:
[15июл.2026 00:36:36.192] [Server thread/INFO] [AllTheLeaks/]: |- LevelChunk (minecraft): 1642
[15июл.2026 00:36:36.192] [Server thread/INFO] [AllTheLeaks/]: | Player:
[15июл.2026 00:36:36.192] [Server thread/INFO] [AllTheLeaks/]: |- ServerPlayer (minecraft): 1
[15июл.2026 00:41:34.658] [Server thread/INFO] [dev.ryanhcode.sable.Sable/]: Saving sub-levels for level 'ServerLevel[ХХАХАХАХХА алкесей навальный]'/minecraft:overworld
[15июл.2026 00:41:34.670] [Server thread/INFO] [dev.ryanhcode.sable.Sable/]: Saving sub-levels for level 'ServerLevel[ХХАХАХАХХА алкесей навальный]'/minecraft:the_nether
[15июл.2026 00:41:34.681] [Server thread/INFO] [dev.ryanhcode.sable.Sable/]: Saving sub-levels for level 'ServerLevel[ХХАХАХАХХА алкесей навальный]'/minecraft:the_end
[15июл.2026 00:41:34.732] [Server thread/INFO] [Chunk Activity Tracker/]: Saving data for 2205 chunks for dimension 'the_nether' took 3 milliseconds
[15июл.2026 00:41:34.735] [Server thread/INFO] [Chunk Activity Tracker/]: Saving data for 1122 chunks for dimension 'the_end' took 3 milliseconds
[15июл.2026 00:41:34.750] [Server thread/INFO] [Chunk Activity Tracker/]: Saving data for 10267 chunks for dimension 'overworld' took 15 milliseconds
[15июл.2026 00:46:34.617] [Server thread/INFO] [dev.ryanhcode.sable.Sable/]: Saving sub-levels for level 'ServerLevel[ХХАХАХАХХА алкесей навальный]'/minecraft:overworld
[15июл.2026 00:46:34.633] [Server thread/INFO] [dev.ryanhcode.sable.Sable/]: Saving sub-levels for level 'ServerLevel[ХХАХАХАХХА алкесей навальный]'/minecraft:the_nether
[15июл.2026 00:46:34.641] [Server thread/INFO] [dev.ryanhcode.sable.Sable/]: Saving sub-levels for level 'ServerLevel[ХХАХАХАХХА алкесей навальный]'/minecraft:the_end
[15июл.2026 00:46:34.692] [Server thread/INFO] [Chunk Activity Tracker/]: Saving data for 2205 chunks for dimension 'the_nether' took 4 milliseconds
[15июл.2026 00:46:34.694] [Server thread/INFO] [Chunk Activity Tracker/]: Saving data for 1122 chunks for dimension 'the_end' took 2 milliseconds
[15июл.2026 00:46:34.710] [Server thread/INFO] [Chunk Activity Tracker/]: Saving data for 10267 chunks for dimension 'overworld' took 15 milliseconds
[15июл.2026 00:46:36.239] [Server thread/INFO] [AllTheLeaks/]: Listing events...
[15июл.2026 00:46:36.239] [Server thread/INFO] [AllTheLeaks/]: Server Player Clone: 1
[15июл.2026 00:46:36.239] [Server thread/INFO] [AllTheLeaks/]: Server Player Logout: 5
[15июл.2026 00:46:36.239] [Server thread/INFO] [AllTheLeaks/]: Listing memory leaks so far...
[15июл.2026 00:46:36.239] [Server thread/INFO] [AllTheLeaks/]: B: 3133MB / C: 3364MB / Diff: +231MB
[15июл.2026 00:46:36.239] [Server thread/INFO] [AllTheLeaks/]: Memory Leaks detected: (/atl force_refresh to update)
[15июл.2026 00:46:36.239] [Server thread/INFO] [AllTheLeaks/]: | ChunkAccess:
[15июл.2026 00:46:36.239] [Server thread/INFO] [AllTheLeaks/]: |- LevelChunk (minecraft): 141
[15июл.2026 00:46:36.239] [Server thread/INFO] [AllTheLeaks/]: | Player:
[15июл.2026 00:46:36.239] [Server thread/INFO] [AllTheLeaks/]: |- ServerPlayer (minecraft): 1
[15июл.2026 00:51:34.612] [Server thread/INFO] [dev.ryanhcode.sable.Sable/]: Saving sub-levels for level 'ServerLevel[ХХАХАХАХХА алкесей навальный]'/minecraft:overworld
[15июл.2026 00:51:34.625] [Server thread/INFO] [dev.ryanhcode.sable.Sable/]: Saving sub-levels for level 'ServerLevel[ХХАХАХАХХА алкесей навальный]'/minecraft:the_nether
[15июл.2026 00:51:34.634] [Server thread/INFO] [dev.ryanhcode.sable.Sable/]: Saving sub-levels for level 'ServerLevel[ХХАХАХАХХА алкесей навальный]'/minecraft:the_end
[15июл.2026 00:51:34.682] [Server thread/INFO] [Chunk Activity Tracker/]: Saving data for 2205 chunks for dimension 'the_nether' took 4 milliseconds
[15июл.2026 00:51:34.684] [Server thread/INFO] [Chunk Activity Tracker/]: Saving data for 1122 chunks for dimension 'the_end' took 2 milliseconds
[15июл.2026 00:51:34.701] [Server thread/INFO] [Chunk Activity Tracker/]: Saving data for 10267 chunks for dimension 'overworld' took 17 milliseconds
[15июл.2026 00:56:34.617] [Server thread/INFO] [dev.ryanhcode.sable.Sable/]: Saving sub-levels for level 'ServerLevel[ХХАХАХАХХА алкесей навальный]'/minecraft:overworld
[15июл.2026 00:56:34.628] [Server thread/INFO] [dev.ryanhcode.sable.Sable/]: Saving sub-levels for level 'ServerLevel[ХХАХАХАХХА алкесей навальный]'/minecraft:the_nether
[15июл.2026 00:56:34.638] [Server thread/INFO] [dev.ryanhcode.sable.Sable/]: Saving sub-levels for level 'ServerLevel[ХХАХАХАХХА алкесей навальный]'/minecraft:the_end
[15июл.2026 00:56:34.688] [Server thread/INFO] [Chunk Activity Tracker/]: Saving data for 2205 chunks for dimension 'the_nether' took 4 milliseconds
[15июл.2026 00:56:34.690] [Server thread/INFO] [Chunk Activity Tracker/]: Saving data for 1122 chunks for dimension 'the_end' took 2 milliseconds
[15июл.2026 00:56:34.706] [Server thread/INFO] [Chunk Activity Tracker/]: Saving data for 10267 chunks for dimension 'overworld' took 16 milliseconds
[15июл.2026 00:56:36.288] [Server thread/INFO] [AllTheLeaks/]: Listing events...
[15июл.2026 00:56:36.288] [Server thread/INFO] [AllTheLeaks/]: Server Player Clone: 1
[15июл.2026 00:56:36.288] [Server thread/INFO] [AllTheLeaks/]: Server Player Logout: 5
[15июл.2026 00:56:36.288] [Server thread/INFO] [AllTheLeaks/]: Listing memory leaks so far...
[15июл.2026 00:56:36.288] [Server thread/INFO] [AllTheLeaks/]: B: 3133MB / C: 3245MB / Diff: +112MB
[15июл.2026 00:56:36.288] [Server thread/INFO] [AllTheLeaks/]: Memory Leaks detected: (/atl force_refresh to update)
[15июл.2026 00:56:36.288] [Server thread/INFO] [AllTheLeaks/]: | ChunkAccess:
[15июл.2026 00:56:36.288] [Server thread/INFO] [AllTheLeaks/]: |- LevelChunk (minecraft): 141
[15июл.2026 00:56:36.288] [Server thread/INFO] [AllTheLeaks/]: | Player:
[15июл.2026 00:56:36.288] [Server thread/INFO] [AllTheLeaks/]: |- ServerPlayer (minecraft): 1
[15июл.2026 01:01:16.108] [Server thread/WARN] [net.minecraft.server.network.ServerGamePacketListenerImpl/]: Clarerta moved too quickly! 8.477508245274294,9.155102242538703,-13.690318220722133
[15июл.2026 01:01:34.619] [Server thread/INFO] [dev.ryanhcode.sable.Sable/]: Saving sub-levels for level 'ServerLevel[ХХАХАХАХХА алкесей навальный]'/minecraft:overworld
[15июл.2026 01:01:34.634] [Server thread/INFO] [dev.ryanhcode.sable.Sable/]: Saving sub-levels for level 'ServerLevel[ХХАХАХАХХА алкесей навальный]'/minecraft:the_nether
[15июл.2026 01:01:34.643] [Server thread/INFO] [dev.ryanhcode.sable.Sable/]: Saving sub-levels for level 'ServerLevel[ХХАХАХАХХА алкесей навальный]'/minecraft:the_end
[15июл.2026 01:01:34.696] [Server thread/INFO] [Chunk Activity Tracker/]: Saving data for 2205 chunks for dimension 'the_nether' took 4 milliseconds
[15июл.2026 01:01:34.697] [Server thread/INFO] [Chunk Activity Tracker/]: Saving data for 1122 chunks for dimension 'the_end' took 1 milliseconds
[15июл.2026 01:01:34.715] [Server thread/INFO] [Chunk Activity Tracker/]: Saving data for 10290 chunks for dimension 'overworld' took 18 milliseconds
[15июл.2026 01:02:06.317] [Server thread/WARN] [net.minecraft.server.MinecraftServer/]: Can't keep up! Is the server overloaded? Running 2047ms or 40 ticks behind
[15июл.2026 01:02:06.330] [Server thread/WARN] [net.minecraft.server.network.ServerGamePacketListenerImpl/]: Clarerta moved too quickly! 10.802732807023403,-1.817278907316279,-14.170064682655266
[15июл.2026 01:02:11.978] [Server thread/INFO] [aeroclaims/UnregisteredShipsManager/]: New unregistered ship detected: id=ff1e0bbc-c51f-4cfd-a214-0aec5d836f3c name=ship
[15июл.2026 01:02:48.935] [Server thread/INFO] [aeroclaims/UnregisteredShipsManager/]: New unregistered ship detected: id=ab508a75-3a85-4847-b212-632e2e103f64 name=ship
[15июл.2026 01:03:18.487] [Worker-Main-74/WARN] [net.minecraft.server.level.WorldGenRegion/]: Tried to access a block entity before it was created. BlockPos{x=2972, y=-31, z=-3696}
[15июл.2026 01:03:54.022] [Server thread/INFO] [aeroclaims/UnregisteredShipsManager/]: New unregistered ship detected: id=ab508a75-3a85-4847-b212-632e2e103f64 name=ship
[15июл.2026 01:06:36.631] [Server thread/INFO] [dev.ryanhcode.sable.Sable/]: Saving sub-levels for level 'ServerLevel[ХХАХАХАХХА алкесей навальный]'/minecraft:overworld
[15июл.2026 01:06:36.652] [Server thread/INFO] [dev.ryanhcode.sable.Sable/]: Saving sub-levels for level 'ServerLevel[ХХАХАХАХХА алкесей навальный]'/minecraft:the_nether
[15июл.2026 01:06:36.662] [Server thread/INFO] [dev.ryanhcode.sable.Sable/]: Saving sub-levels for level 'ServerLevel[ХХАХАХАХХА алкесей навальный]'/minecraft:the_end
[15июл.2026 01:06:36.711] [Server thread/INFO] [Chunk Activity Tracker/]: Saving data for 2205 chunks for dimension 'the_nether' took 3 milliseconds
[15июл.2026 01:06:36.714] [Server thread/INFO] [Chunk Activity Tracker/]: Saving data for 1122 chunks for dimension 'the_end' took 3 milliseconds
[15июл.2026 01:06:36.731] [Server thread/INFO] [Chunk Activity Tracker/]: Saving data for 10395 chunks for dimension 'overworld' took 17 milliseconds
[15июл.2026 01:06:38.338] [Server thread/INFO] [AllTheLeaks/]: Listing events...
[15июл.2026 01:06:38.338] [Server thread/INFO] [AllTheLeaks/]: Server Player Clone: 1
[15июл.2026 01:06:38.338] [Server thread/INFO] [AllTheLeaks/]: Server Player Logout: 5
[15июл.2026 01:06:38.338] [Server thread/INFO] [AllTheLeaks/]: Listing memory leaks so far...
[15июл.2026 01:06:38.338] [Server thread/INFO] [AllTheLeaks/]: B: 3133MB / C: 3733MB / Diff: +600MB
[15июл.2026 01:06:38.338] [Server thread/INFO] [AllTheLeaks/]: Memory Leaks detected: (/atl force_refresh to update)
[15июл.2026 01:06:38.338] [Server thread/INFO] [AllTheLeaks/]: | ChunkAccess:
[15июл.2026 01:06:38.338] [Server thread/INFO] [AllTheLeaks/]: |- LevelChunk (minecraft): 2549
[15июл.2026 01:06:38.338] [Server thread/INFO] [AllTheLeaks/]: | Player:
[15июл.2026 01:06:38.338] [Server thread/INFO] [AllTheLeaks/]: |- ServerPlayer (minecraft): 1
[15июл.2026 01:07:42.750] [Server thread/WARN] [net.minecraft.server.network.ServerGamePacketListenerImpl/]: Clarerta moved too quickly! 17.524848450665985,-0.34246108470653214,2.098188146210214
[15июл.2026 01:11:36.607] [Server thread/INFO] [dev.ryanhcode.sable.Sable/]: Saving sub-levels for level 'ServerLevel[ХХАХАХАХХА алкесей навальный]'/minecraft:overworld
[15июл.2026 01:11:36.614] [Server thread/INFO] [dev.ryanhcode.sable.Sable/]: Saving sub-levels for level 'ServerLevel[ХХАХАХАХХА алкесей навальный]'/minecraft:the_nether
[15июл.2026 01:11:36.621] [Server thread/INFO] [dev.ryanhcode.sable.Sable/]: Saving sub-levels for level 'ServerLevel[ХХАХАХАХХА алкесей навальный]'/minecraft:the_end
[15июл.2026 01:11:36.670] [Server thread/INFO] [Chunk Activity Tracker/]: Saving data for 2205 chunks for dimension 'the_nether' took 3 milliseconds
[15июл.2026 01:11:36.672] [Server thread/INFO] [Chunk Activity Tracker/]: Saving data for 1122 chunks for dimension 'the_end' took 2 milliseconds
[15июл.2026 01:11:36.689] [Server thread/INFO] [Chunk Activity Tracker/]: Saving data for 10395 chunks for dimension 'overworld' took 17 milliseconds
[15июл.2026 01:12:51.879] [Server thread/INFO] [net.minecraft.server.MinecraftServer/]: [Clarerta: Applied enchantment Unbreaking III to Clarerta's item]
[15июл.2026 01:12:55.513] [Server thread/INFO] [net.minecraft.server.MinecraftServer/]: [Clarerta: Applied enchantment Mending to Clarerta's item]
[15июл.2026 01:16:36.616] [Server thread/INFO] [dev.ryanhcode.sable.Sable/]: Saving sub-levels for level 'ServerLevel[ХХАХАХАХХА алкесей навальный]'/minecraft:overworld
[15июл.2026 01:16:36.624] [Server thread/INFO] [dev.ryanhcode.sable.Sable/]: Saving sub-levels for level 'ServerLevel[ХХАХАХАХХА алкесей навальный]'/minecraft:the_nether
[15июл.2026 01:16:36.632] [Server thread/INFO] [dev.ryanhcode.sable.Sable/]: Saving sub-levels for level 'ServerLevel[ХХАХАХАХХА алкесей навальный]'/minecraft:the_end
[15июл.2026 01:16:36.681] [Server thread/INFO] [Chunk Activity Tracker/]: Saving data for 2205 chunks for dimension 'the_nether' took 3 milliseconds
[15июл.2026 01:16:36.682] [Server thread/INFO] [Chunk Activity Tracker/]: Saving data for 1122 chunks for dimension 'the_end' took 1 milliseconds
[15июл.2026 01:16:36.699] [Server thread/INFO] [Chunk Activity Tracker/]: Saving data for 10395 chunks for dimension 'overworld' took 17 milliseconds
[15июл.2026 01:16:38.395] [Server thread/INFO] [AllTheLeaks/]: Listing events...
[15июл.2026 01:16:38.395] [Server thread/INFO] [AllTheLeaks/]: Server Player Clone: 1
[15июл.2026 01:16:38.395] [Server thread/INFO] [AllTheLeaks/]: Server Player Logout: 5
[15июл.2026 01:16:38.395] [Server thread/INFO] [AllTheLeaks/]: Listing memory leaks so far...
[15июл.2026 01:16:38.395] [Server thread/INFO] [AllTheLeaks/]: B: 3133MB / C: 3432MB / Diff: +299MB
[15июл.2026 01:16:38.395] [Server thread/INFO] [AllTheLeaks/]: Memory Leaks detected: (/atl force_refresh to update)
[15июл.2026 01:16:38.395] [Server thread/INFO] [AllTheLeaks/]: | ChunkAccess:
[15июл.2026 01:16:38.395] [Server thread/INFO] [AllTheLeaks/]: |- LevelChunk (minecraft): 349
[15июл.2026 01:16:38.395] [Server thread/INFO] [AllTheLeaks/]: | Player:
[15июл.2026 01:16:38.395] [Server thread/INFO] [AllTheLeaks/]: |- ServerPlayer (minecraft): 1
[15июл.2026 01:20:04.715] [Server thread/INFO] [net.minecraft.server.MinecraftServer/]: [Clarerta: Set own game mode to Creative Mode]
[15июл.2026 01:20:09.281] [Server thread/INFO] [net.minecraft.server.MinecraftServer/]: [Clarerta: Set own game mode to Survival Mode]
[15июл.2026 01:21:36.614] [Server thread/INFO] [dev.ryanhcode.sable.Sable/]: Saving sub-levels for level 'ServerLevel[ХХАХАХАХХА алкесей навальный]'/minecraft:overworld
[15июл.2026 01:21:36.623] [Server thread/INFO] [dev.ryanhcode.sable.Sable/]: Saving sub-levels for level 'ServerLevel[ХХАХАХАХХА алкесей навальный]'/minecraft:the_nether
[15июл.2026 01:21:36.632] [Server thread/INFO] [dev.ryanhcode.sable.Sable/]: Saving sub-levels for level 'ServerLevel[ХХАХАХАХХА алкесей навальный]'/minecraft:the_end
[15июл.2026 01:21:36.681] [Server thread/INFO] [Chunk Activity Tracker/]: Saving data for 2205 chunks for dimension 'the_nether' took 3 milliseconds
[15июл.2026 01:21:36.683] [Server thread/INFO] [Chunk Activity Tracker/]: Saving data for 1122 chunks for dimension 'the_end' took 2 milliseconds
[15июл.2026 01:21:36.698] [Server thread/INFO] [Chunk Activity Tracker/]: Saving data for 10395 chunks for dimension 'overworld' took 15 milliseconds
[15июл.2026 01:26:36.610] [Server thread/INFO] [dev.ryanhcode.sable.Sable/]: Saving sub-levels for level 'ServerLevel[ХХАХАХАХХА алкесей навальный]'/minecraft:overworld
[15июл.2026 01:26:36.619] [Server thread/INFO] [dev.ryanhcode.sable.Sable/]: Saving sub-levels for level 'ServerLevel[ХХАХАХАХХА алкесей навальный]'/minecraft:the_nether
[15июл.2026 01:26:36.627] [Server thread/INFO] [dev.ryanhcode.sable.Sable/]: Saving sub-levels for level 'ServerLevel[ХХАХАХАХХА алкесей навальный]'/minecraft:the_end
[15июл.2026 01:26:36.677] [Server thread/INFO] [Chunk Activity Tracker/]: Saving data for 2205 chunks for dimension 'the_nether' took 3 milliseconds
[15июл.2026 01:26:36.679] [Server thread/INFO] [Chunk Activity Tracker/]: Saving data for 1122 chunks for dimension 'the_end' took 2 milliseconds
[15июл.2026 01:26:36.696] [Server thread/INFO] [Chunk Activity Tracker/]: Saving data for 10395 chunks for dimension 'overworld' took 17 milliseconds
[15июл.2026 01:26:38.449] [Server thread/INFO] [AllTheLeaks/]: Listing events...
[15июл.2026 01:26:38.449] [Server thread/INFO] [AllTheLeaks/]: Server Player Clone: 1
[15июл.2026 01:26:38.449] [Server thread/INFO] [AllTheLeaks/]: Server Player Logout: 5
[15июл.2026 01:26:38.449] [Server thread/INFO] [AllTheLeaks/]: Listing memory leaks so far...
[15июл.2026 01:26:38.449] [Server thread/INFO] [AllTheLeaks/]: B: 3133MB / C: 3369MB / Diff: +236MB
[15июл.2026 01:26:38.449] [Server thread/INFO] [AllTheLeaks/]: Memory Leaks detected: (/atl force_refresh to update)
[15июл.2026 01:26:38.449] [Server thread/INFO] [AllTheLeaks/]: | ChunkAccess:
[15июл.2026 01:26:38.449] [Server thread/INFO] [AllTheLeaks/]: |- LevelChunk (minecraft): 261
[15июл.2026 01:26:38.449] [Server thread/INFO] [AllTheLeaks/]: | Player:
[15июл.2026 01:26:38.449] [Server thread/INFO] [AllTheLeaks/]: |- ServerPlayer (minecraft): 1
[15июл.2026 01:29:01.214] [Server thread/INFO] [aeroclaims/UnregisteredShipsManager/]: New unregistered ship detected: id=ab508a75-3a85-4847-b212-632e2e103f64 name=ship
