2026-01-25 11:40:06 [ERROR] config\CSC\config.toml (The system cannot find the file specified)
2026-01-25 11:40:08 [INFO] CSC is loading...   Success！
2026-01-25 11:40:12 [INFO]   Detected cloud rule update, preparing to download~
2026-01-25 11:40:12 [INFO]   Update completed~
2026-01-25 11:41:17 [INFO]    _____  _____  _____ 
2026-01-25 11:41:17 [INFO]   / ____|/ ____|/ ____|
2026-01-25 11:41:17 [INFO]  | |    | (___ | |        [CSC] Version: v0.21
2026-01-25 11:41:17 [INFO]  | |     \___ \| |        Minecraft Version: 1.20.1 forge
2026-01-25 11:41:17 [INFO]  | |____ ____) | |____    Problem/Feedback: Tencent QQ：1061133894
2026-01-25 11:41:17 [INFO]   \_____|_____/ \_____|
2026-01-25 11:41:17 [INFO]                        
2026-01-25 12:58:50 [INFO] CSC close completely, thanks for using!
2026-01-25 17:50:41 [INFO] CSC is loading...   Success！
2026-01-25 17:51:51 [INFO]    _____  _____  _____ 
2026-01-25 17:51:51 [INFO]   / ____|/ ____|/ ____|
2026-01-25 17:51:51 [INFO]  | |    | (___ | |        [CSC] Version: v0.21
2026-01-25 17:51:51 [INFO]  | |     \___ \| |        Minecraft Version: 1.20.1 forge
2026-01-25 17:51:51 [INFO]  | |____ ____) | |____    Problem/Feedback: Tencent QQ：1061133894
2026-01-25 17:51:51 [INFO]   \_____|_____/ \_____|
2026-01-25 17:51:51 [INFO]                        
2026-01-25 17:54:02 [INFO] CSC close completely, thanks for using!
2026-01-25 17:55:10 [INFO] CSC is loading...   Success！
2026-01-25 17:55:31 [INFO]    _____  _____  _____ 
2026-01-25 17:55:31 [INFO]   / ____|/ ____|/ ____|
2026-01-25 17:55:31 [INFO]  | |    | (___ | |        [CSC] Version: v0.21
2026-01-25 17:55:31 [INFO]  | |     \___ \| |        Minecraft Version: 1.20.1 forge
2026-01-25 17:55:31 [INFO]  | |____ ____) | |____    Problem/Feedback: Tencent QQ：1061133894
2026-01-25 17:55:31 [INFO]   \_____|_____/ \_____|
2026-01-25 17:55:31 [INFO]                        
2026-01-25 18:04:22 [INFO] CSC close completely, thanks for using!
2026-01-25 18:09:18 [INFO] CSC is loading...   Success！
2026-01-25 18:09:41 [INFO]    _____  _____  _____ 
2026-01-25 18:09:41 [INFO]   / ____|/ ____|/ ____|
2026-01-25 18:09:41 [INFO]  | |    | (___ | |        [CSC] Version: v0.21
2026-01-25 18:09:41 [INFO]  | |     \___ \| |        Minecraft Version: 1.20.1 forge
2026-01-25 18:09:41 [INFO]  | |____ ____) | |____    Problem/Feedback: Tencent QQ：1061133894
2026-01-25 18:09:41 [INFO]   \_____|_____/ \_____|
2026-01-25 18:09:41 [INFO]                        
2026-01-25 18:36:11 [INFO] CSC close completely, thanks for using!
2026-01-25 18:36:16 [INFO]    _____  _____  _____ 
2026-01-25 18:36:16 [INFO]   / ____|/ ____|/ ____|
2026-01-25 18:36:16 [INFO]  | |    | (___ | |        [CSC] Version: v0.21
2026-01-25 18:36:16 [INFO]  | |     \___ \| |        Minecraft Version: 1.20.1 forge
2026-01-25 18:36:16 [INFO]  | |____ ____) | |____    Problem/Feedback: Tencent QQ：1061133894
2026-01-25 18:36:16 [INFO]   \_____|_____/ \_____|
2026-01-25 18:36:16 [INFO]                        
2026-01-25 18:54:56 [INFO] CSC close completely, thanks for using!
2026-01-25 18:55:55 [INFO] CSC is loading...   Success！
2026-01-25 18:57:51 [INFO]    _____  _____  _____ 
2026-01-25 18:57:51 [INFO]   / ____|/ ____|/ ____|
2026-01-25 18:57:51 [INFO]  | |    | (___ | |        [CSC] Version: v0.21
2026-01-25 18:57:51 [INFO]  | |     \___ \| |        Minecraft Version: 1.20.1 forge
2026-01-25 18:57:51 [INFO]  | |____ ____) | |____    Problem/Feedback: Tencent QQ：1061133894
2026-01-25 18:57:51 [INFO]   \_____|_____/ \_____|
2026-01-25 18:57:51 [INFO]                        
2026-01-25 20:38:41 [INFO] CSC close completely, thanks for using!
2026-01-25 20:39:50 [INFO] CSC is loading...   Success！
2026-01-25 20:43:16 [INFO] CSC is loading...   Success！
2026-01-25 20:47:51 [INFO] CSC is loading...   Success！
2026-01-27 12:35:50 [INFO] CSC is loading...   Success！
2026-01-27 12:46:57 [INFO]    _____  _____  _____ 
2026-01-27 12:46:57 [INFO]   / ____|/ ____|/ ____|
2026-01-27 12:46:57 [INFO]  | |    | (___ | |        [CSC] Version: v0.21
2026-01-27 12:46:57 [INFO]  | |     \___ \| |        Minecraft Version: 1.20.1 forge
2026-01-27 12:46:57 [INFO]  | |____ ____) | |____    Problem/Feedback: Tencent QQ：1061133894
2026-01-27 12:46:57 [INFO]   \_____|_____/ \_____|
2026-01-27 12:46:57 [INFO]                        
2026-01-27 13:29:31 [INFO] CSC close completely, thanks for using!
2026-01-27 13:41:42 [INFO] CSC is loading...   Success！
2026-01-27 13:42:05 [INFO]    _____  _____  _____ 
2026-01-27 13:42:05 [INFO]   / ____|/ ____|/ ____|
2026-01-27 13:42:05 [INFO]  | |    | (___ | |        [CSC] Version: v0.21
2026-01-27 13:42:05 [INFO]  | |     \___ \| |        Minecraft Version: 1.20.1 forge
2026-01-27 13:42:05 [INFO]  | |____ ____) | |____    Problem/Feedback: Tencent QQ：1061133894
2026-01-27 13:42:05 [INFO]   \_____|_____/ \_____|
2026-01-27 13:42:05 [INFO]                        
2026-01-27 14:25:53 [INFO] CSC close completely, thanks for using!
2026-01-27 14:33:38 [INFO] CSC is loading...   Success！
2026-01-27 14:34:40 [INFO]    _____  _____  _____ 
2026-01-27 14:34:40 [INFO]   / ____|/ ____|/ ____|
2026-01-27 14:34:40 [INFO]  | |    | (___ | |        [CSC] Version: v0.21
2026-01-27 14:34:40 [INFO]  | |     \___ \| |        Minecraft Version: 1.20.1 forge
2026-01-27 14:34:40 [INFO]  | |____ ____) | |____    Problem/Feedback: Tencent QQ：1061133894
2026-01-27 14:34:40 [INFO]   \_____|_____/ \_____|
2026-01-27 14:34:40 [INFO]                        
2026-01-27 14:36:49 [INFO] CSC close completely, thanks for using!
2026-01-27 14:37:24 [INFO] CSC is loading...   Success！
2026-01-27 14:39:44 [INFO]    _____  _____  _____ 
2026-01-27 14:39:44 [INFO]   / ____|/ ____|/ ____|
2026-01-27 14:39:44 [INFO]  | |    | (___ | |        [CSC] Version: v0.21
2026-01-27 14:39:44 [INFO]  | |     \___ \| |        Minecraft Version: 1.20.1 forge
2026-01-27 14:39:44 [INFO]  | |____ ____) | |____    Problem/Feedback: Tencent QQ：1061133894
2026-01-27 14:39:44 [INFO]   \_____|_____/ \_____|
2026-01-27 14:39:44 [INFO]                        
2026-01-27 14:40:12 [INFO] CSC close completely, thanks for using!
2026-01-27 14:40:45 [INFO] CSC is loading...   Success！
2026-01-27 14:42:34 [INFO]    _____  _____  _____ 
2026-01-27 14:42:34 [INFO]   / ____|/ ____|/ ____|
2026-01-27 14:42:34 [INFO]  | |    | (___ | |        [CSC] Version: v0.21
2026-01-27 14:42:34 [INFO]  | |     \___ \| |        Minecraft Version: 1.20.1 forge
2026-01-27 14:42:34 [INFO]  | |____ ____) | |____    Problem/Feedback: Tencent QQ：1061133894
2026-01-27 14:42:34 [INFO]   \_____|_____/ \_____|
2026-01-27 14:42:34 [INFO]                        
2026-01-27 14:44:32 [INFO] CSC close completely, thanks for using!
2026-01-27 14:48:35 [INFO] CSC is loading...   Success！
2026-01-27 14:48:53 [INFO]    _____  _____  _____ 
2026-01-27 14:48:53 [INFO]   / ____|/ ____|/ ____|
2026-01-27 14:48:53 [INFO]  | |    | (___ | |        [CSC] Version: v0.21
2026-01-27 14:48:53 [INFO]  | |     \___ \| |        Minecraft Version: 1.20.1 forge
2026-01-27 14:48:53 [INFO]  | |____ ____) | |____    Problem/Feedback: Tencent QQ：1061133894
2026-01-27 14:48:53 [INFO]   \_____|_____/ \_____|
2026-01-27 14:48:53 [INFO]                        
2026-01-27 14:52:37 [INFO] CSC close completely, thanks for using!
2026-01-27 14:56:28 [INFO] CSC is loading...   Success！
2026-01-27 14:56:53 [INFO]    _____  _____  _____ 
2026-01-27 14:56:53 [INFO]   / ____|/ ____|/ ____|
2026-01-27 14:56:53 [INFO]  | |    | (___ | |        [CSC] Version: v0.21
2026-01-27 14:56:53 [INFO]  | |     \___ \| |        Minecraft Version: 1.20.1 forge
2026-01-27 14:56:53 [INFO]  | |____ ____) | |____    Problem/Feedback: Tencent QQ：1061133894
2026-01-27 14:56:53 [INFO]   \_____|_____/ \_____|
2026-01-27 14:56:53 [INFO]                        
2026-01-27 14:58:10 [INFO] CSC close completely, thanks for using!
2026-01-27 15:00:59 [INFO] CSC is loading...   Success！
2026-01-27 15:01:22 [INFO]    _____  _____  _____ 
2026-01-27 15:01:22 [INFO]   / ____|/ ____|/ ____|
2026-01-27 15:01:22 [INFO]  | |    | (___ | |        [CSC] Version: v0.21
2026-01-27 15:01:22 [INFO]  | |     \___ \| |        Minecraft Version: 1.20.1 forge
2026-01-27 15:01:22 [INFO]  | |____ ____) | |____    Problem/Feedback: Tencent QQ：1061133894
2026-01-27 15:01:22 [INFO]   \_____|_____/ \_____|
2026-01-27 15:01:22 [INFO]                        
2026-01-27 15:02:02 [INFO] CSC close completely, thanks for using!
2026-01-27 15:02:09 [INFO]    _____  _____  _____ 
2026-01-27 15:02:09 [INFO]   / ____|/ ____|/ ____|
2026-01-27 15:02:09 [INFO]  | |    | (___ | |        [CSC] Version: v0.21
2026-01-27 15:02:09 [INFO]  | |     \___ \| |        Minecraft Version: 1.20.1 forge
2026-01-27 15:02:09 [INFO]  | |____ ____) | |____    Problem/Feedback: Tencent QQ：1061133894
2026-01-27 15:02:09 [INFO]   \_____|_____/ \_____|
2026-01-27 15:02:09 [INFO]                        
2026-01-27 15:05:46 [INFO] CSC close completely, thanks for using!
2026-01-27 15:07:07 [INFO] CSC is loading...   Success！
2026-01-27 15:11:55 [INFO] CSC is loading...   Success！
2026-01-27 15:15:09 [INFO]    _____  _____  _____ 
2026-01-27 15:15:09 [INFO]   / ____|/ ____|/ ____|
2026-01-27 15:15:09 [INFO]  | |    | (___ | |        [CSC] Version: v0.21
2026-01-27 15:15:09 [INFO]  | |     \___ \| |        Minecraft Version: 1.20.1 forge
2026-01-27 15:15:09 [INFO]  | |____ ____) | |____    Problem/Feedback: Tencent QQ：1061133894
2026-01-27 15:15:09 [INFO]   \_____|_____/ \_____|
2026-01-27 15:15:09 [INFO]                        
2026-01-27 15:15:45 [INFO] CSC close completely, thanks for using!
2026-01-27 15:18:20 [INFO] CSC is loading...   Success！
2026-01-27 15:19:56 [INFO]    _____  _____  _____ 
2026-01-27 15:19:56 [INFO]   / ____|/ ____|/ ____|
2026-01-27 15:19:56 [INFO]  | |    | (___ | |        [CSC] Version: v0.21
2026-01-27 15:19:56 [INFO]  | |     \___ \| |        Minecraft Version: 1.20.1 forge
2026-01-27 15:19:56 [INFO]  | |____ ____) | |____    Problem/Feedback: Tencent QQ：1061133894
2026-01-27 15:19:56 [INFO]   \_____|_____/ \_____|
2026-01-27 15:19:56 [INFO]                        
2026-01-27 16:27:38 [INFO] CSC close completely, thanks for using!
2026-01-27 16:29:58 [INFO]    _____  _____  _____ 
2026-01-27 16:29:58 [INFO]   / ____|/ ____|/ ____|
2026-01-27 16:29:58 [INFO]  | |    | (___ | |        [CSC] Version: v0.21
2026-01-27 16:29:58 [INFO]  | |     \___ \| |        Minecraft Version: 1.20.1 forge
2026-01-27 16:29:58 [INFO]  | |____ ____) | |____    Problem/Feedback: Tencent QQ：1061133894
2026-01-27 16:29:58 [INFO]   \_____|_____/ \_____|
2026-01-27 16:29:58 [INFO]                        
2026-01-27 16:31:31 [INFO] CSC close completely, thanks for using!
2026-01-27 16:31:49 [INFO]    _____  _____  _____ 
2026-01-27 16:31:49 [INFO]   / ____|/ ____|/ ____|
2026-01-27 16:31:49 [INFO]  | |    | (___ | |        [CSC] Version: v0.21
2026-01-27 16:31:49 [INFO]  | |     \___ \| |        Minecraft Version: 1.20.1 forge
2026-01-27 16:31:49 [INFO]  | |____ ____) | |____    Problem/Feedback: Tencent QQ：1061133894
2026-01-27 16:31:49 [INFO]   \_____|_____/ \_____|
2026-01-27 16:31:49 [INFO]                        
2026-01-27 17:29:14 [INFO] CSC close completely, thanks for using!
2026-01-27 17:30:03 [INFO] CSC is loading...   Success！
2026-01-27 17:31:01 [INFO]    _____  _____  _____ 
2026-01-27 17:31:01 [INFO]   / ____|/ ____|/ ____|
2026-01-27 17:31:01 [INFO]  | |    | (___ | |        [CSC] Version: v0.21
2026-01-27 17:31:01 [INFO]  | |     \___ \| |        Minecraft Version: 1.20.1 forge
2026-01-27 17:31:01 [INFO]  | |____ ____) | |____    Problem/Feedback: Tencent QQ：1061133894
2026-01-27 17:31:01 [INFO]   \_____|_____/ \_____|
2026-01-27 17:31:01 [INFO]                        
2026-01-27 17:43:47 [INFO] CSC close completely, thanks for using!
2026-01-27 17:44:25 [INFO] CSC is loading...   Success！
2026-01-27 17:44:58 [INFO]    _____  _____  _____ 
2026-01-27 17:44:58 [INFO]   / ____|/ ____|/ ____|
2026-01-27 17:44:58 [INFO]  | |    | (___ | |        [CSC] Version: v0.21
2026-01-27 17:44:58 [INFO]  | |     \___ \| |        Minecraft Version: 1.20.1 forge
2026-01-27 17:44:58 [INFO]  | |____ ____) | |____    Problem/Feedback: Tencent QQ：1061133894
2026-01-27 17:44:58 [INFO]   \_____|_____/ \_____|
2026-01-27 17:44:58 [INFO]                        
2026-01-27 17:45:24 [INFO] CSC close completely, thanks for using!
2026-01-27 17:46:26 [INFO] CSC is loading...   Success！
2026-01-27 17:48:42 [INFO]    _____  _____  _____ 
2026-01-27 17:48:42 [INFO]   / ____|/ ____|/ ____|
2026-01-27 17:48:42 [INFO]  | |    | (___ | |        [CSC] Version: v0.21
2026-01-27 17:48:42 [INFO]  | |     \___ \| |        Minecraft Version: 1.20.1 forge
2026-01-27 17:48:42 [INFO]  | |____ ____) | |____    Problem/Feedback: Tencent QQ：1061133894
2026-01-27 17:48:42 [INFO]   \_____|_____/ \_____|
2026-01-27 17:48:42 [INFO]                        
2026-01-27 17:49:30 [INFO] CSC close completely, thanks for using!
2026-01-27 17:50:09 [INFO] CSC is loading...   Success！
2026-01-27 17:54:21 [INFO]    _____  _____  _____ 
2026-01-27 17:54:21 [INFO]   / ____|/ ____|/ ____|
2026-01-27 17:54:21 [INFO]  | |    | (___ | |        [CSC] Version: v0.21
2026-01-27 17:54:21 [INFO]  | |     \___ \| |        Minecraft Version: 1.20.1 forge
2026-01-27 17:54:21 [INFO]  | |____ ____) | |____    Problem/Feedback: Tencent QQ：1061133894
2026-01-27 17:54:21 [INFO]   \_____|_____/ \_____|
2026-01-27 17:54:21 [INFO]                        
2026-01-27 17:54:48 [INFO] CSC close completely, thanks for using!
2026-01-27 17:55:42 [INFO]    _____  _____  _____ 
2026-01-27 17:55:42 [INFO]   / ____|/ ____|/ ____|
2026-01-27 17:55:42 [INFO]  | |    | (___ | |        [CSC] Version: v0.21
2026-01-27 17:55:42 [INFO]  | |     \___ \| |        Minecraft Version: 1.20.1 forge
2026-01-27 17:55:42 [INFO]  | |____ ____) | |____    Problem/Feedback: Tencent QQ：1061133894
2026-01-27 17:55:42 [INFO]   \_____|_____/ \_____|
2026-01-27 17:55:42 [INFO]                        
2026-01-27 20:50:30 [INFO] CSC close completely, thanks for using!
2026-01-28 19:07:48 [INFO] CSC is loading...   Success！
2026-01-28 19:08:41 [INFO]    _____  _____  _____ 
2026-01-28 19:08:41 [INFO]   / ____|/ ____|/ ____|
2026-01-28 19:08:41 [INFO]  | |    | (___ | |        [CSC] Version: v0.21
2026-01-28 19:08:41 [INFO]  | |     \___ \| |        Minecraft Version: 1.20.1 forge
2026-01-28 19:08:41 [INFO]  | |____ ____) | |____    Problem/Feedback: Tencent QQ：1061133894
2026-01-28 19:08:41 [INFO]   \_____|_____/ \_____|
2026-01-28 19:08:41 [INFO]                        
2026-01-28 19:43:56 [INFO] CSC close completely, thanks for using!
2026-01-31 12:27:53 [INFO] CSC is loading...   Success！
2026-01-31 12:29:06 [INFO] CSC is loading...   Success！
2026-01-31 12:29:28 [INFO]    _____  _____  _____ 
2026-01-31 12:29:28 [INFO]   / ____|/ ____|/ ____|
2026-01-31 12:29:28 [INFO]  | |    | (___ | |        [CSC] Version: v0.21
2026-01-31 12:29:28 [INFO]  | |     \___ \| |        Minecraft Version: 1.20.1 forge
2026-01-31 12:29:28 [INFO]  | |____ ____) | |____    Problem/Feedback: Tencent QQ：1061133894
2026-01-31 12:29:28 [INFO]   \_____|_____/ \_____|
2026-01-31 12:29:28 [INFO]                        
2026-01-31 13:13:44 [INFO] CSC close completely, thanks for using!
2026-02-01 19:00:59 [INFO] CSC is loading...   Success！
2026-02-01 19:01:21 [INFO]    _____  _____  _____ 
2026-02-01 19:01:21 [INFO]   / ____|/ ____|/ ____|
2026-02-01 19:01:21 [INFO]  | |    | (___ | |        [CSC] Version: v0.21
2026-02-01 19:01:21 [INFO]  | |     \___ \| |        Minecraft Version: 1.20.1 forge
2026-02-01 19:01:21 [INFO]  | |____ ____) | |____    Problem/Feedback: Tencent QQ：1061133894
2026-02-01 19:01:21 [INFO]   \_____|_____/ \_____|
2026-02-01 19:01:21 [INFO]                        
2026-02-01 19:02:25 [INFO] CSC close completely, thanks for using!
2026-02-01 19:10:03 [INFO] CSC is loading...   Success！
2026-02-02 19:08:54 [INFO] CSC is loading...   Success！
2026-02-02 19:09:27 [INFO]    _____  _____  _____ 
2026-02-02 19:09:27 [INFO]   / ____|/ ____|/ ____|
2026-02-02 19:09:27 [INFO]  | |    | (___ | |        [CSC] Version: v0.21
2026-02-02 19:09:27 [INFO]  | |     \___ \| |        Minecraft Version: 1.20.1 forge
2026-02-02 19:09:27 [INFO]  | |____ ____) | |____    Problem/Feedback: Tencent QQ：1061133894
2026-02-02 19:09:27 [INFO]   \_____|_____/ \_____|
2026-02-02 19:09:27 [INFO]                        
2026-02-02 19:09:54 [INFO] CSC close completely, thanks for using!
2026-02-02 19:10:47 [INFO]    _____  _____  _____ 
2026-02-02 19:10:47 [INFO]   / ____|/ ____|/ ____|
2026-02-02 19:10:47 [INFO]  | |    | (___ | |        [CSC] Version: v0.21
2026-02-02 19:10:47 [INFO]  | |     \___ \| |        Minecraft Version: 1.20.1 forge
2026-02-02 19:10:47 [INFO]  | |____ ____) | |____    Problem/Feedback: Tencent QQ：1061133894
2026-02-02 19:10:47 [INFO]   \_____|_____/ \_____|
2026-02-02 19:10:47 [INFO]                        
2026-02-02 19:13:08 [INFO] CSC close completely, thanks for using!
2026-02-02 19:14:06 [INFO]    _____  _____  _____ 
2026-02-02 19:14:06 [INFO]   / ____|/ ____|/ ____|
2026-02-02 19:14:06 [INFO]  | |    | (___ | |        [CSC] Version: v0.21
2026-02-02 19:14:06 [INFO]  | |     \___ \| |        Minecraft Version: 1.20.1 forge
2026-02-02 19:14:06 [INFO]  | |____ ____) | |____    Problem/Feedback: Tencent QQ：1061133894
2026-02-02 19:14:06 [INFO]   \_____|_____/ \_____|
2026-02-02 19:14:06 [INFO]                        
2026-02-02 19:14:16 [INFO] CSC close completely, thanks for using!
2026-02-02 19:15:16 [INFO] CSC is loading...   Success！
2026-02-02 19:15:42 [INFO]    _____  _____  _____ 
2026-02-02 19:15:42 [INFO]   / ____|/ ____|/ ____|
2026-02-02 19:15:42 [INFO]  | |    | (___ | |        [CSC] Version: v0.21
2026-02-02 19:15:42 [INFO]  | |     \___ \| |        Minecraft Version: 1.20.1 forge
2026-02-02 19:15:42 [INFO]  | |____ ____) | |____    Problem/Feedback: Tencent QQ：1061133894
2026-02-02 19:15:42 [INFO]   \_____|_____/ \_____|
2026-02-02 19:15:42 [INFO]                        
2026-02-02 19:16:27 [INFO] CSC close completely, thanks for using!
2026-02-02 19:17:25 [INFO] CSC is loading...   Success！
2026-02-02 19:18:03 [INFO]    _____  _____  _____ 
2026-02-02 19:18:03 [INFO]   / ____|/ ____|/ ____|
2026-02-02 19:18:03 [INFO]  | |    | (___ | |        [CSC] Version: v0.21
2026-02-02 19:18:03 [INFO]  | |     \___ \| |        Minecraft Version: 1.20.1 forge
2026-02-02 19:18:03 [INFO]  | |____ ____) | |____    Problem/Feedback: Tencent QQ：1061133894
2026-02-02 19:18:03 [INFO]   \_____|_____/ \_____|
2026-02-02 19:18:03 [INFO]                        
2026-02-02 19:20:57 [INFO] CSC close completely, thanks for using!
2026-02-02 19:21:23 [INFO]    _____  _____  _____ 
2026-02-02 19:21:23 [INFO]   / ____|/ ____|/ ____|
2026-02-02 19:21:23 [INFO]  | |    | (___ | |        [CSC] Version: v0.21
2026-02-02 19:21:23 [INFO]  | |     \___ \| |        Minecraft Version: 1.20.1 forge
2026-02-02 19:21:23 [INFO]  | |____ ____) | |____    Problem/Feedback: Tencent QQ：1061133894
2026-02-02 19:21:23 [INFO]   \_____|_____/ \_____|
2026-02-02 19:21:23 [INFO]                        
2026-02-02 19:23:15 [INFO] CSC close completely, thanks for using!
2026-02-03 17:14:22 [INFO] CSC is loading...   Success！
2026-02-03 17:14:46 [INFO]    _____  _____  _____ 
2026-02-03 17:14:46 [INFO]   / ____|/ ____|/ ____|
2026-02-03 17:14:46 [INFO]  | |    | (___ | |        [CSC] Version: v0.21
2026-02-03 17:14:46 [INFO]  | |     \___ \| |        Minecraft Version: 1.20.1 forge
2026-02-03 17:14:46 [INFO]  | |____ ____) | |____    Problem/Feedback: Tencent QQ：1061133894
2026-02-03 17:14:46 [INFO]   \_____|_____/ \_____|
2026-02-03 17:14:46 [INFO]                        
2026-02-03 17:20:09 [INFO] CSC close completely, thanks for using!
2026-02-03 17:24:25 [INFO] CSC is loading...   Success！
2026-02-03 17:37:06 [INFO] CSC is loading...   Success！
2026-02-03 17:37:28 [INFO]    _____  _____  _____ 
2026-02-03 17:37:28 [INFO]   / ____|/ ____|/ ____|
2026-02-03 17:37:28 [INFO]  | |    | (___ | |        [CSC] Version: v0.21
2026-02-03 17:37:28 [INFO]  | |     \___ \| |        Minecraft Version: 1.20.1 forge
2026-02-03 17:37:28 [INFO]  | |____ ____) | |____    Problem/Feedback: Tencent QQ：1061133894
2026-02-03 17:37:28 [INFO]   \_____|_____/ \_____|
2026-02-03 17:37:28 [INFO]                        
2026-02-03 17:55:17 [INFO] CSC close completely, thanks for using!
2026-02-03 17:56:17 [INFO] CSC is loading...   Success！
2026-02-03 17:59:47 [INFO]    _____  _____  _____ 
2026-02-03 17:59:47 [INFO]   / ____|/ ____|/ ____|
2026-02-03 17:59:47 [INFO]  | |    | (___ | |        [CSC] Version: v0.21
2026-02-03 17:59:47 [INFO]  | |     \___ \| |        Minecraft Version: 1.20.1 forge
2026-02-03 17:59:47 [INFO]  | |____ ____) | |____    Problem/Feedback: Tencent QQ：1061133894
2026-02-03 17:59:47 [INFO]   \_____|_____/ \_____|
2026-02-03 17:59:47 [INFO]                        
2026-02-03 18:19:37 [INFO] CSC close completely, thanks for using!
2026-02-03 18:21:43 [INFO]    _____  _____  _____ 
2026-02-03 18:21:43 [INFO]   / ____|/ ____|/ ____|
2026-02-03 18:21:43 [INFO]  | |    | (___ | |        [CSC] Version: v0.21
2026-02-03 18:21:43 [INFO]  | |     \___ \| |        Minecraft Version: 1.20.1 forge
2026-02-03 18:21:43 [INFO]  | |____ ____) | |____    Problem/Feedback: Tencent QQ：1061133894
2026-02-03 18:21:43 [INFO]   \_____|_____/ \_____|
2026-02-03 18:21:43 [INFO]                        
2026-02-03 18:28:47 [INFO] CSC close completely, thanks for using!
2026-02-06 19:10:07 [INFO] CSC is loading...   Success！
2026-02-06 19:10:36 [INFO]    _____  _____  _____ 
2026-02-06 19:10:36 [INFO]   / ____|/ ____|/ ____|
2026-02-06 19:10:36 [INFO]  | |    | (___ | |        [CSC] Version: v0.21
2026-02-06 19:10:36 [INFO]  | |     \___ \| |        Minecraft Version: 1.20.1 forge
2026-02-06 19:10:36 [INFO]  | |____ ____) | |____    Problem/Feedback: Tencent QQ：1061133894
2026-02-06 19:10:36 [INFO]   \_____|_____/ \_____|
2026-02-06 19:10:36 [INFO]                        
2026-02-06 19:16:30 [INFO] CSC close completely, thanks for using!
2026-02-06 19:16:34 [INFO]    _____  _____  _____ 
2026-02-06 19:16:34 [INFO]   / ____|/ ____|/ ____|
2026-02-06 19:16:34 [INFO]  | |    | (___ | |        [CSC] Version: v0.21
2026-02-06 19:16:34 [INFO]  | |     \___ \| |        Minecraft Version: 1.20.1 forge
2026-02-06 19:16:34 [INFO]  | |____ ____) | |____    Problem/Feedback: Tencent QQ：1061133894
2026-02-06 19:16:34 [INFO]   \_____|_____/ \_____|
2026-02-06 19:16:34 [INFO]                        
2026-02-06 19:17:51 [INFO] CSC close completely, thanks for using!
2026-02-06 19:18:22 [INFO]    _____  _____  _____ 
2026-02-06 19:18:22 [INFO]   / ____|/ ____|/ ____|
2026-02-06 19:18:22 [INFO]  | |    | (___ | |        [CSC] Version: v0.21
2026-02-06 19:18:22 [INFO]  | |     \___ \| |        Minecraft Version: 1.20.1 forge
2026-02-06 19:18:22 [INFO]  | |____ ____) | |____    Problem/Feedback: Tencent QQ：1061133894
2026-02-06 19:18:22 [INFO]   \_____|_____/ \_____|
2026-02-06 19:18:22 [INFO]                        
2026-02-06 19:20:11 [INFO] CSC close completely, thanks for using!
2026-02-06 19:24:10 [INFO] CSC is loading...   Success！
2026-02-06 19:24:24 [INFO]    _____  _____  _____ 
2026-02-06 19:24:24 [INFO]   / ____|/ ____|/ ____|
2026-02-06 19:24:24 [INFO]  | |    | (___ | |        [CSC] Version: v0.21.14
2026-02-06 19:24:24 [INFO]  | |     \___ \| |        Minecraft Version: 1.20.1 forge
2026-02-06 19:24:24 [INFO]  | |____ ____) | |____    Problem/Feedback: Tencent QQ：1061133894
2026-02-06 19:24:24 [INFO]   \_____|_____/ \_____|
2026-02-06 19:24:24 [INFO]                        
2026-02-06 19:32:21 [INFO] CSC close completely, thanks for using!
2026-02-06 19:32:31 [INFO]    _____  _____  _____ 
2026-02-06 19:32:31 [INFO]   / ____|/ ____|/ ____|
2026-02-06 19:32:31 [INFO]  | |    | (___ | |        [CSC] Version: v0.21.14
2026-02-06 19:32:31 [INFO]  | |     \___ \| |        Minecraft Version: 1.20.1 forge
2026-02-06 19:32:31 [INFO]  | |____ ____) | |____    Problem/Feedback: Tencent QQ：1061133894
2026-02-06 19:32:31 [INFO]   \_____|_____/ \_____|
2026-02-06 19:32:31 [INFO]                        
2026-02-06 19:33:48 [INFO] CSC close completely, thanks for using!
2026-02-06 19:37:05 [INFO] CSC is loading...   Success！
2026-02-06 19:37:21 [INFO]    _____  _____  _____ 
2026-02-06 19:37:21 [INFO]   / ____|/ ____|/ ____|
2026-02-06 19:37:21 [INFO]  | |    | (___ | |        [CSC] Version: v0.21.14
2026-02-06 19:37:21 [INFO]  | |     \___ \| |        Minecraft Version: 1.20.1 forge
2026-02-06 19:37:21 [INFO]  | |____ ____) | |____    Problem/Feedback: Tencent QQ：1061133894
2026-02-06 19:37:21 [INFO]   \_____|_____/ \_____|
2026-02-06 19:37:21 [INFO]                        
2026-02-06 19:39:42 [INFO] CSC close completely, thanks for using!
2026-02-06 20:18:19 [INFO]    _____  _____  _____ 
2026-02-06 20:18:19 [INFO]   / ____|/ ____|/ ____|
2026-02-06 20:18:19 [INFO]  | |    | (___ | |        [CSC] Version: v0.21.14
2026-02-06 20:18:19 [INFO]  | |     \___ \| |        Minecraft Version: 1.20.1 forge
2026-02-06 20:18:19 [INFO]  | |____ ____) | |____    Problem/Feedback: Tencent QQ：1061133894
2026-02-06 20:18:19 [INFO]   \_____|_____/ \_____|
2026-02-06 20:18:19 [INFO]                        
2026-02-06 20:21:42 [INFO] CSC close completely, thanks for using!
2026-02-06 20:21:48 [INFO]    _____  _____  _____ 
2026-02-06 20:21:48 [INFO]   / ____|/ ____|/ ____|
2026-02-06 20:21:48 [INFO]  | |    | (___ | |        [CSC] Version: v0.21.14
2026-02-06 20:21:48 [INFO]  | |     \___ \| |        Minecraft Version: 1.20.1 forge
2026-02-06 20:21:48 [INFO]  | |____ ____) | |____    Problem/Feedback: Tencent QQ：1061133894
2026-02-06 20:21:48 [INFO]   \_____|_____/ \_____|
2026-02-06 20:21:48 [INFO]                        
2026-02-06 20:23:58 [INFO] CSC close completely, thanks for using!
2026-02-06 21:22:14 [INFO] CSC is loading...   Success！
2026-02-07 13:24:12 [INFO] CSC is loading...   Success！
2026-02-07 13:24:57 [INFO]    _____  _____  _____ 
2026-02-07 13:24:57 [INFO]   / ____|/ ____|/ ____|
2026-02-07 13:24:57 [INFO]  | |    | (___ | |        [CSC] Version: v0.21.14
2026-02-07 13:24:57 [INFO]  | |     \___ \| |        Minecraft Version: 1.20.1 forge
2026-02-07 13:24:57 [INFO]  | |____ ____) | |____    Problem/Feedback: Tencent QQ：1061133894
2026-02-07 13:24:57 [INFO]   \_____|_____/ \_____|
2026-02-07 13:24:57 [INFO]                        
2026-02-07 13:27:15 [INFO] CSC close completely, thanks for using!
2026-02-07 13:46:35 [INFO]    _____  _____  _____ 
2026-02-07 13:46:35 [INFO]   / ____|/ ____|/ ____|
2026-02-07 13:46:35 [INFO]  | |    | (___ | |        [CSC] Version: v0.21.14
2026-02-07 13:46:35 [INFO]  | |     \___ \| |        Minecraft Version: 1.20.1 forge
2026-02-07 13:46:35 [INFO]  | |____ ____) | |____    Problem/Feedback: Tencent QQ：1061133894
2026-02-07 13:46:35 [INFO]   \_____|_____/ \_____|
2026-02-07 13:46:35 [INFO]                        
2026-02-07 13:47:08 [INFO] CSC close completely, thanks for using!
2026-02-07 13:49:43 [INFO]    _____  _____  _____ 
2026-02-07 13:49:43 [INFO]   / ____|/ ____|/ ____|
2026-02-07 13:49:43 [INFO]  | |    | (___ | |        [CSC] Version: v0.21.14
2026-02-07 13:49:43 [INFO]  | |     \___ \| |        Minecraft Version: 1.20.1 forge
2026-02-07 13:49:43 [INFO]  | |____ ____) | |____    Problem/Feedback: Tencent QQ：1061133894
2026-02-07 13:49:43 [INFO]   \_____|_____/ \_____|
2026-02-07 13:49:43 [INFO]                        
2026-02-07 13:50:19 [INFO] CSC close completely, thanks for using!
2026-02-07 14:48:14 [INFO]    _____  _____  _____ 
2026-02-07 14:48:14 [INFO]   / ____|/ ____|/ ____|
2026-02-07 14:48:14 [INFO]  | |    | (___ | |        [CSC] Version: v0.21.14
2026-02-07 14:48:14 [INFO]  | |     \___ \| |        Minecraft Version: 1.20.1 forge
2026-02-07 14:48:14 [INFO]  | |____ ____) | |____    Problem/Feedback: Tencent QQ：1061133894
2026-02-07 14:48:14 [INFO]   \_____|_____/ \_____|
2026-02-07 14:48:14 [INFO]                        
2026-02-07 15:00:34 [INFO] CSC close completely, thanks for using!
2026-02-08 14:47:53 [INFO] CSC is loading...   Success！
2026-02-08 14:50:40 [INFO]    _____  _____  _____ 
2026-02-08 14:50:40 [INFO]   / ____|/ ____|/ ____|
2026-02-08 14:50:40 [INFO]  | |    | (___ | |        [CSC] Version: v0.21.14
2026-02-08 14:50:40 [INFO]  | |     \___ \| |        Minecraft Version: 1.20.1 forge
2026-02-08 14:50:40 [INFO]  | |____ ____) | |____    Problem/Feedback: Tencent QQ：1061133894
2026-02-08 14:50:40 [INFO]   \_____|_____/ \_____|
2026-02-08 14:50:40 [INFO]                        
2026-02-08 15:48:18 [INFO] CSC close completely, thanks for using!
2026-02-08 15:57:12 [INFO] CSC is loading...   Success！
2026-02-08 16:06:42 [INFO] CSC is loading...   Success！
2026-02-08 16:31:37 [INFO] CSC is loading...   Success！
2026-02-08 16:32:03 [INFO]    _____  _____  _____ 
2026-02-08 16:32:03 [INFO]   / ____|/ ____|/ ____|
2026-02-08 16:32:03 [INFO]  | |    | (___ | |        [CSC] Version: v0.21.14
2026-02-08 16:32:03 [INFO]  | |     \___ \| |        Minecraft Version: 1.20.1 forge
2026-02-08 16:32:03 [INFO]  | |____ ____) | |____    Problem/Feedback: Tencent QQ：1061133894
2026-02-08 16:32:03 [INFO]   \_____|_____/ \_____|
2026-02-08 16:32:03 [INFO]                        
2026-02-08 16:33:29 [INFO] CSC close completely, thanks for using!
2026-02-08 21:24:35 [INFO] CSC is loading...   Success！
2026-02-08 21:24:53 [INFO]    _____  _____  _____ 
2026-02-08 21:24:53 [INFO]   / ____|/ ____|/ ____|
2026-02-08 21:24:53 [INFO]  | |    | (___ | |        [CSC] Version: v0.21.14
2026-02-08 21:24:53 [INFO]  | |     \___ \| |        Minecraft Version: 1.20.1 forge
2026-02-08 21:24:53 [INFO]  | |____ ____) | |____    Problem/Feedback: Tencent QQ：1061133894
2026-02-08 21:24:53 [INFO]   \_____|_____/ \_____|
2026-02-08 21:24:53 [INFO]                        
2026-02-08 22:49:13 [INFO] CSC close completely, thanks for using!
2026-02-09 12:47:10 [INFO] CSC is loading...   Success！
2026-02-09 12:47:42 [INFO]    _____  _____  _____ 
2026-02-09 12:47:42 [INFO]   / ____|/ ____|/ ____|
2026-02-09 12:47:42 [INFO]  | |    | (___ | |        [CSC] Version: v0.21.14
2026-02-09 12:47:42 [INFO]  | |     \___ \| |        Minecraft Version: 1.20.1 forge
2026-02-09 12:47:42 [INFO]  | |____ ____) | |____    Problem/Feedback: Tencent QQ：1061133894
2026-02-09 12:47:42 [INFO]   \_____|_____/ \_____|
2026-02-09 12:47:42 [INFO]                        
2026-02-09 13:21:39 [INFO] CSC close completely, thanks for using!
2026-02-09 13:31:15 [INFO] CSC is loading...   Success！
2026-02-09 17:00:54 [INFO] CSC is loading...   Success！
2026-02-09 17:16:22 [INFO] CSC is loading...   Success！
2026-02-09 17:21:04 [INFO]    _____  _____  _____ 
2026-02-09 17:21:04 [INFO]   / ____|/ ____|/ ____|
2026-02-09 17:21:04 [INFO]  | |    | (___ | |        [CSC] Version: v0.21.14
2026-02-09 17:21:04 [INFO]  | |     \___ \| |        Minecraft Version: 1.20.1 forge
2026-02-09 17:21:04 [INFO]  | |____ ____) | |____    Problem/Feedback: Tencent QQ：1061133894
2026-02-09 17:21:04 [INFO]   \_____|_____/ \_____|
2026-02-09 17:21:04 [INFO]                        
2026-02-09 17:21:44 [INFO] CSC close completely, thanks for using!
2026-02-09 17:34:30 [INFO] CSC is loading...   Success！
2026-02-09 17:44:06 [INFO] CSC is loading...   Success！
2026-02-09 18:22:11 [INFO] CSC is loading...   Success！
2026-02-09 18:25:31 [INFO] CSC is loading...   Success！
2026-02-09 18:27:28 [INFO] CSC is loading...   Success！
2026-02-09 18:29:05 [INFO] CSC is loading...   Success！
2026-02-09 18:31:31 [INFO] CSC is loading...   Success！
2026-06-05 16:33:39 [INFO] CSC is loading...   Success！
2026-06-05 16:33:53 [INFO]    _____  _____  _____ 
2026-06-05 16:33:53 [INFO]   / ____|/ ____|/ ____|
2026-06-05 16:33:53 [INFO]  | |    | (___ | |        [CSC] Version: v0.21.14
2026-06-05 16:33:53 [INFO]  | |     \___ \| |        Minecraft Version: 1.20.1 forge
2026-06-05 16:33:53 [INFO]  | |____ ____) | |____    Problem/Feedback: Tencent QQ：1061133894
2026-06-05 16:33:53 [INFO]   \_____|_____/ \_____|
2026-06-05 16:33:53 [INFO]                        
2026-06-05 16:36:04 [INFO] CSC close completely, thanks for using!
